<?xml version="1.0" encoding="UTF-8"?>
<coverage generated="1776428783085" clover="3.2.0">
  <project timestamp="1776428783086" name="All files">
    <metrics statements="658" coveredstatements="537" conditionals="529" coveredconditionals="388" methods="193" coveredmethods="141" elements="1380" coveredelements="1066" complexity="0" loc="658" ncloc="658" packages="13" files="25" classes="25"/>
    <package name="components.Admin.DetailSidebar">
      <metrics statements="56" coveredstatements="56" conditionals="70" coveredconditionals="68" methods="13" coveredmethods="13"/>
      <file name="BookingSidebarContent.jsx" path="/Users/quanpogba/Downloads/FE_SHCS-dev-4/src/components/Admin/DetailSidebar/BookingSidebarContent.jsx">
        <metrics statements="46" coveredstatements="46" conditionals="61" coveredconditionals="60" methods="11" coveredmethods="11"/>
        <line num="3" count="2" type="stmt"/>
        <line num="42" count="10" type="stmt"/>
        <line num="44" count="10" type="stmt"/>
        <line num="45" count="36" type="cond" truecount="2" falsecount="0"/>
        <line num="46" count="22" type="stmt"/>
        <line num="55" count="10" type="stmt"/>
        <line num="56" count="29" type="stmt"/>
        <line num="62" count="10" type="stmt"/>
        <line num="63" count="9" type="cond" truecount="5" falsecount="0"/>
        <line num="64" count="2" type="stmt"/>
        <line num="65" count="1" type="stmt"/>
        <line num="66" count="1" type="stmt"/>
        <line num="67" count="1" type="stmt"/>
        <line num="68" count="4" type="stmt"/>
        <line num="72" count="10" type="stmt"/>
        <line num="73" count="9" type="cond" truecount="2" falsecount="0"/>
        <line num="74" count="6" type="stmt"/>
        <line num="81" count="6" type="cond" truecount="2" falsecount="0"/>
        <line num="84" count="10" type="stmt"/>
        <line num="85" count="9" type="cond" truecount="5" falsecount="0"/>
        <line num="86" count="1" type="stmt"/>
        <line num="87" count="1" type="stmt"/>
        <line num="88" count="1" type="stmt"/>
        <line num="89" count="1" type="stmt"/>
        <line num="90" count="5" type="stmt"/>
        <line num="94" count="10" type="stmt"/>
        <line num="95" count="9" type="cond" truecount="2" falsecount="0"/>
        <line num="96" count="6" type="stmt"/>
        <line num="103" count="6" type="cond" truecount="2" falsecount="0"/>
        <line num="106" count="10" type="stmt"/>
        <line num="107" count="9" type="cond" truecount="4" falsecount="0"/>
        <line num="108" count="6" type="stmt"/>
        <line num="109" count="6" type="stmt"/>
        <line num="110" count="6" type="stmt"/>
        <line num="111" count="6" type="stmt"/>
        <line num="113" count="10" type="stmt"/>
        <line num="114" count="9" type="cond" truecount="2" falsecount="0"/>
        <line num="115" count="7" type="stmt"/>
        <line num="117" count="19" type="stmt"/>
        <line num="123" count="10" type="cond" truecount="2" falsecount="0"/>
        <line num="125" count="9" type="stmt"/>
        <line num="126" count="9" type="cond" truecount="4" falsecount="0"/>
        <line num="127" count="10" type="cond" truecount="2" falsecount="0"/>
        <line num="129" count="10" type="stmt"/>
        <line num="148" count="1" type="stmt"/>
        <line num="149" count="1" type="stmt"/>
      </file>
      <file name="BookingSidebarContent.module.css" path="/Users/quanpogba/Downloads/FE_SHCS-dev-4/src/components/Admin/DetailSidebar/BookingSidebarContent.module.css">
        <metrics statements="0" coveredstatements="0" conditionals="0" coveredconditionals="0" methods="0" coveredmethods="0"/>
      </file>
      <file name="DetailSidebar.jsx" path="/Users/quanpogba/Downloads/FE_SHCS-dev-4/src/components/Admin/DetailSidebar/DetailSidebar.jsx">
        <metrics statements="10" coveredstatements="10" conditionals="9" coveredconditionals="8" methods="2" coveredmethods="2"/>
        <line num="3" count="2" type="stmt"/>
        <line num="22" count="17" type="stmt"/>
        <line num="24" count="17" type="stmt"/>
        <line num="25" count="7" type="cond" truecount="4" falsecount="0"/>
        <line num="26" count="1" type="stmt"/>
        <line num="27" count="1" type="stmt"/>
        <line num="28" count="2" type="stmt"/>
        <line num="29" count="3" type="stmt"/>
        <line num="33" count="17" type="cond" truecount="2" falsecount="0"/>
        <line num="35" count="7" type="stmt"/>
      </file>
      <file name="DetailSidebar.module.css" path="/Users/quanpogba/Downloads/FE_SHCS-dev-4/src/components/Admin/DetailSidebar/DetailSidebar.module.css">
        <metrics statements="0" coveredstatements="0" conditionals="0" coveredconditionals="0" methods="0" coveredmethods="0"/>
      </file>
    </package>
    <package name="components.Button">
      <metrics statements="3" coveredstatements="3" conditionals="0" coveredconditionals="0" methods="1" coveredmethods="1"/>
      <file name="Button.jsx" path="/Users/quanpogba/Downloads/FE_SHCS-dev-4/src/components/Button/Button.jsx">
        <metrics statements="3" coveredstatements="3" conditionals="0" coveredconditionals="0" methods="1" coveredmethods="1"/>
        <line num="3" count="1" type="stmt"/>
        <line num="4" count="1" type="stmt"/>
        <line num="12" count="1" type="stmt"/>
      </file>
    </package>
    <package name="components.CurrentTime">
      <metrics statements="13" coveredstatements="13" conditionals="0" coveredconditionals="0" methods="4" coveredmethods="4"/>
      <file name="CurrentTime.jsx" path="/Users/quanpogba/Downloads/FE_SHCS-dev-4/src/components/CurrentTime/CurrentTime.jsx">
        <metrics statements="13" coveredstatements="13" conditionals="0" coveredconditionals="0" methods="4" coveredmethods="4"/>
        <line num="5" count="2" type="stmt"/>
        <line num="6" count="2" type="stmt"/>
        <line num="8" count="2" type="stmt"/>
        <line num="9" count="1" type="stmt"/>
        <line num="10" count="1" type="stmt"/>
        <line num="11" count="1" type="stmt"/>
        <line num="15" count="1" type="stmt"/>
        <line num="16" count="1" type="stmt"/>
        <line num="17" count="1" type="stmt"/>
        <line num="20" count="1" type="stmt"/>
        <line num="21" count="1" type="stmt"/>
        <line num="23" count="1" type="stmt"/>
        <line num="26" count="2" type="stmt"/>
      </file>
      <file name="YourStyle.module.css" path="/Users/quanpogba/Downloads/FE_SHCS-dev-4/src/components/CurrentTime/YourStyle.module.css">
        <metrics statements="0" coveredstatements="0" conditionals="0" coveredconditionals="0" methods="0" coveredmethods="0"/>
      </file>
    </package>
    <package name="components.Loading">
      <metrics statements="2" coveredstatements="2" conditionals="0" coveredconditionals="0" methods="1" coveredmethods="1"/>
      <file name="PartLoading.jsx" path="/Users/quanpogba/Downloads/FE_SHCS-dev-4/src/components/Loading/PartLoading.jsx">
        <metrics statements="2" coveredstatements="2" conditionals="0" coveredconditionals="0" methods="1" coveredmethods="1"/>
        <line num="3" count="4" type="stmt"/>
        <line num="4" count="29" type="stmt"/>
      </file>
      <file name="PartLoading.module.css" path="/Users/quanpogba/Downloads/FE_SHCS-dev-4/src/components/Loading/PartLoading.module.css">
        <metrics statements="0" coveredstatements="0" conditionals="0" coveredconditionals="0" methods="0" coveredmethods="0"/>
      </file>
    </package>
    <package name="contexts">
      <metrics statements="30" coveredstatements="30" conditionals="8" coveredconditionals="8" methods="6" coveredmethods="6"/>
      <file name="AuthContext.jsx" path="/Users/quanpogba/Downloads/FE_SHCS-dev-4/src/contexts/AuthContext.jsx">
        <metrics statements="30" coveredstatements="30" conditionals="8" coveredconditionals="8" methods="6" coveredmethods="6"/>
        <line num="4" count="3" type="stmt"/>
        <line num="6" count="3" type="stmt"/>
        <line num="8" count="12" type="stmt"/>
        <line num="9" count="12" type="stmt"/>
        <line num="11" count="12" type="stmt"/>
        <line num="12" count="6" type="stmt"/>
        <line num="13" count="6" type="stmt"/>
        <line num="16" count="6" type="cond" truecount="4" falsecount="0"/>
        <line num="17" count="4" type="stmt"/>
        <line num="18" count="4" type="stmt"/>
        <line num="20" count="1" type="stmt"/>
        <line num="21" count="1" type="stmt"/>
        <line num="25" count="6" type="cond" truecount="4" falsecount="0"/>
        <line num="26" count="2" type="stmt"/>
        <line num="30" count="12" type="stmt"/>
        <line num="31" count="1" type="stmt"/>
        <line num="32" count="1" type="stmt"/>
        <line num="33" count="1" type="stmt"/>
        <line num="34" count="1" type="stmt"/>
        <line num="38" count="12" type="stmt"/>
        <line num="39" count="1" type="stmt"/>
        <line num="40" count="1" type="stmt"/>
        <line num="41" count="1" type="stmt"/>
        <line num="42" count="1" type="stmt"/>
        <line num="45" count="12" type="stmt"/>
        <line num="46" count="1" type="stmt"/>
        <line num="47" count="1" type="stmt"/>
        <line num="48" count="1" type="stmt"/>
        <line num="49" count="1" type="stmt"/>
        <line num="52" count="12" type="stmt"/>
      </file>
    </package>
    <package name="pages.Admin.BookingManage">
      <metrics statements="104" coveredstatements="61" conditionals="91" coveredconditionals="47" methods="39" coveredmethods="20"/>
      <file name="BookingManage.jsx" path="/Users/quanpogba/Downloads/FE_SHCS-dev-4/src/pages/Admin/BookingManage/BookingManage.jsx">
        <metrics statements="104" coveredstatements="61" conditionals="91" coveredconditionals="47" methods="39" coveredmethods="20"/>
        <line num="13" count="1" type="stmt"/>
        <line num="50" count="16" type="stmt"/>
        <line num="52" count="16" type="stmt"/>
        <line num="53" count="16" type="stmt"/>
        <line num="54" count="16" type="stmt"/>
        <line num="55" count="16" type="stmt"/>
        <line num="56" count="16" type="stmt"/>
        <line num="57" count="16" type="stmt"/>
        <line num="58" count="16" type="stmt"/>
        <line num="67" count="16" type="cond" truecount="1" falsecount="0"/>
        <line num="70" count="8" type="stmt"/>
        <line num="71" count="8" type="cond" truecount="3" falsecount="1"/>
        <line num="72" count="8" type="stmt"/>
        <line num="73" count="0" type="cond" truecount="0" falsecount="2"/>
        <line num="74" count="0" type="stmt"/>
        <line num="76" count="0" type="stmt"/>
        <line num="77" count="0" type="stmt"/>
        <line num="86" count="16" type="stmt"/>
        <line num="87" count="2" type="stmt"/>
        <line num="89" count="1" type="stmt"/>
        <line num="90" count="1" type="stmt"/>
        <line num="93" count="1" type="cond" truecount="2" falsecount="0"/>
        <line num="98" count="16" type="stmt"/>
        <line num="99" count="0" type="stmt"/>
        <line num="101" count="0" type="stmt"/>
        <line num="102" count="0" type="stmt"/>
        <line num="105" count="0" type="cond" truecount="0" falsecount="2"/>
        <line num="110" count="16" type="stmt"/>
        <line num="111" count="1" type="stmt"/>
        <line num="113" count="1" type="stmt"/>
        <line num="114" count="1" type="stmt"/>
        <line num="123" count="0" type="stmt"/>
        <line num="132" count="16" type="stmt"/>
        <line num="133" count="0" type="stmt"/>
        <line num="135" count="0" type="stmt"/>
        <line num="136" count="0" type="stmt"/>
        <line num="137" count="0" type="stmt"/>
        <line num="138" count="0" type="stmt"/>
        <line num="139" count="0" type="stmt"/>
        <line num="148" count="0" type="cond" truecount="0" falsecount="2"/>
        <line num="153" count="16" type="stmt"/>
        <line num="154" count="6" type="cond" truecount="2" falsecount="2"/>
        <line num="155" count="0" type="stmt"/>
        <line num="173" count="16" type="stmt"/>
        <line num="174" count="9" type="cond" truecount="2" falsecount="0"/>
        <line num="175" count="7" type="cond" truecount="1" falsecount="4"/>
        <line num="176" count="7" type="stmt"/>
        <line num="177" count="0" type="stmt"/>
        <line num="178" count="0" type="stmt"/>
        <line num="179" count="0" type="stmt"/>
        <line num="180" count="0" type="stmt"/>
        <line num="184" count="16" type="stmt"/>
        <line num="185" count="9" type="cond" truecount="2" falsecount="0"/>
        <line num="186" count="7" type="cond" truecount="1" falsecount="3"/>
        <line num="187" count="0" type="stmt"/>
        <line num="188" count="7" type="stmt"/>
        <line num="189" count="0" type="stmt"/>
        <line num="190" count="0" type="stmt"/>
        <line num="195" count="16" type="stmt"/>
        <line num="196" count="1" type="stmt"/>
        <line num="197" count="1" type="stmt"/>
        <line num="198" count="1" type="stmt"/>
        <line num="202" count="16" type="stmt"/>
        <line num="203" count="0" type="stmt"/>
        <line num="204" count="0" type="stmt"/>
        <line num="205" count="0" type="stmt"/>
        <line num="209" count="16" type="stmt"/>
        <line num="210" count="0" type="stmt"/>
        <line num="211" count="0" type="stmt"/>
        <line num="218" count="16" type="stmt"/>
        <line num="219" count="0" type="cond" truecount="0" falsecount="2"/>
        <line num="221" count="0" type="stmt"/>
        <line num="227" count="0" type="stmt"/>
        <line num="235" count="16" type="stmt"/>
        <line num="236" count="1" type="stmt"/>
        <line num="247" count="1" type="cond" truecount="1" falsecount="1"/>
        <line num="249" count="1" type="stmt"/>
        <line num="250" count="1" type="stmt"/>
        <line num="251" count="1" type="stmt"/>
        <line num="255" count="1" type="stmt"/>
        <line num="258" count="0" type="stmt"/>
        <line num="265" count="16" type="stmt"/>
        <line num="266" count="2" type="stmt"/>
        <line num="270" count="16" type="stmt"/>
        <line num="271" count="0" type="stmt"/>
        <line num="274" count="16" type="stmt"/>
        <line num="275" count="0" type="stmt"/>
        <line num="276" count="0" type="stmt"/>
        <line num="279" count="16" type="stmt"/>
        <line num="280" count="0" type="stmt"/>
        <line num="281" count="0" type="stmt"/>
        <line num="282" count="0" type="stmt"/>
        <line num="292" count="16" type="cond" truecount="2" falsecount="0"/>
        <line num="293" count="6" type="stmt"/>
        <line num="297" count="10" type="cond" truecount="1" falsecount="1"/>
        <line num="298" count="0" type="stmt"/>
        <line num="303" count="0" type="stmt"/>
        <line num="321" count="10" type="stmt"/>
        <line num="343" count="9" type="stmt"/>
        <line num="358" count="0" type="stmt"/>
        <line num="370" count="2" type="stmt"/>
        <line num="385" count="1" type="stmt"/>
        <line num="393" count="0" type="stmt"/>
        <line num="401" count="1" type="stmt"/>
      </file>
      <file name="BookingManage.module.css" path="/Users/quanpogba/Downloads/FE_SHCS-dev-4/src/pages/Admin/BookingManage/BookingManage.module.css">
        <metrics statements="0" coveredstatements="0" conditionals="0" coveredconditionals="0" methods="0" coveredmethods="0"/>
      </file>
    </package>
    <package name="pages.Admin.Dashboard">
      <metrics statements="3" coveredstatements="3" conditionals="0" coveredconditionals="0" methods="1" coveredmethods="1"/>
      <file name="Dashboard.jsx" path="/Users/quanpogba/Downloads/FE_SHCS-dev-4/src/pages/Admin/Dashboard/Dashboard.jsx">
        <metrics statements="3" coveredstatements="3" conditionals="0" coveredconditionals="0" methods="1" coveredmethods="1"/>
        <line num="8" count="1" type="stmt"/>
        <line num="17" count="1" type="stmt"/>
        <line num="21" count="1" type="stmt"/>
      </file>
      <file name="Dashboard.module.css" path="/Users/quanpogba/Downloads/FE_SHCS-dev-4/src/pages/Admin/Dashboard/Dashboard.module.css">
        <metrics statements="0" coveredstatements="0" conditionals="0" coveredconditionals="0" methods="0" coveredmethods="0"/>
      </file>
    </package>
    <package name="pages.Admin.HotelManage">
      <metrics statements="173" coveredstatements="133" conditionals="139" coveredconditionals="96" methods="50" coveredmethods="33"/>
      <file name="HotelManage.jsx" path="/Users/quanpogba/Downloads/FE_SHCS-dev-4/src/pages/Admin/HotelManage/HotelManage.jsx">
        <metrics statements="173" coveredstatements="133" conditionals="139" coveredconditionals="96" methods="50" coveredmethods="33"/>
        <line num="8" count="1" type="stmt"/>
        <line num="67" count="39" type="stmt"/>
        <line num="69" count="39" type="stmt"/>
        <line num="70" count="39" type="stmt"/>
        <line num="71" count="39" type="stmt"/>
        <line num="72" count="39" type="stmt"/>
        <line num="73" count="39" type="stmt"/>
        <line num="74" count="39" type="stmt"/>
        <line num="75" count="39" type="stmt"/>
        <line num="85" count="39" type="stmt"/>
        <line num="88" count="39" type="stmt"/>
        <line num="89" count="9" type="stmt"/>
        <line num="90" count="9" type="stmt"/>
        <line num="91" count="9" type="stmt"/>
        <line num="92" count="8" type="cond" truecount="1" falsecount="1"/>
        <line num="94" count="1" type="stmt"/>
        <line num="95" count="1" type="stmt"/>
        <line num="96" count="1" type="stmt"/>
        <line num="98" count="9" type="stmt"/>
        <line num="102" count="39" type="stmt"/>
        <line num="103" count="8" type="stmt"/>
        <line num="107" count="39" type="stmt"/>
        <line num="108" count="3" type="cond" truecount="1" falsecount="1"/>
        <line num="111" count="3" type="cond" truecount="1" falsecount="1"/>
        <line num="112" count="3" type="stmt"/>
        <line num="115" count="0" type="stmt"/>
        <line num="119" count="39" type="stmt"/>
        <line num="120" count="1" type="stmt"/>
        <line num="121" count="1" type="cond" truecount="4" falsecount="1"/>
        <line num="122" count="0" type="stmt"/>
        <line num="124" count="1" type="stmt"/>
        <line num="128" count="39" type="cond" truecount="1" falsecount="0"/>
        <line num="129" count="4" type="stmt"/>
        <line num="130" count="4" type="stmt"/>
        <line num="131" count="4" type="stmt"/>
        <line num="133" count="4" type="cond" truecount="1" falsecount="1"/>
        <line num="134" count="0" type="stmt"/>
        <line num="135" count="0" type="stmt"/>
        <line num="138" count="4" type="stmt"/>
        <line num="139" count="4" type="stmt"/>
        <line num="142" count="4" type="cond" truecount="2" falsecount="0"/>
        <line num="143" count="3" type="stmt"/>
        <line num="144" count="3" type="cond" truecount="1" falsecount="1"/>
        <line num="145" count="3" type="stmt"/>
        <line num="155" count="3" type="stmt"/>
        <line num="156" count="3" type="stmt"/>
        <line num="159" count="1" type="stmt"/>
        <line num="162" count="0" type="stmt"/>
        <line num="163" count="0" type="cond" truecount="0" falsecount="2"/>
        <line num="165" count="4" type="stmt"/>
        <line num="170" count="39" type="stmt"/>
        <line num="171" count="3" type="stmt"/>
        <line num="178" count="39" type="stmt"/>
        <line num="179" count="1" type="stmt"/>
        <line num="180" count="1" type="stmt"/>
        <line num="191" count="1" type="cond" truecount="1" falsecount="1"/>
        <line num="193" count="1" type="stmt"/>
        <line num="195" count="1" type="cond" truecount="1" falsecount="1"/>
        <line num="197" count="1" type="stmt"/>
        <line num="200" count="1" type="cond" truecount="1" falsecount="1"/>
        <line num="201" count="0" type="stmt"/>
        <line num="202" count="0" type="stmt"/>
        <line num="206" count="1" type="stmt"/>
        <line num="211" count="1" type="stmt"/>
        <line num="215" count="0" type="stmt"/>
        <line num="216" count="0" type="stmt"/>
        <line num="225" count="39" type="stmt"/>
        <line num="226" count="0" type="stmt"/>
        <line num="227" count="0" type="stmt"/>
        <line num="234" count="39" type="stmt"/>
        <line num="235" count="3" type="stmt"/>
        <line num="236" count="3" type="cond" truecount="2" falsecount="0"/>
        <line num="237" count="1" type="stmt"/>
        <line num="238" count="1" type="stmt"/>
        <line num="241" count="2" type="cond" truecount="2" falsecount="0"/>
        <line num="242" count="1" type="stmt"/>
        <line num="243" count="1" type="stmt"/>
        <line num="246" count="1" type="stmt"/>
        <line num="250" count="1" type="stmt"/>
        <line num="254" count="39" type="stmt"/>
        <line num="255" count="1" type="stmt"/>
        <line num="257" count="1" type="stmt"/>
        <line num="262" count="39" type="stmt"/>
        <line num="263" count="1" type="stmt"/>
        <line num="264" count="1" type="cond" truecount="1" falsecount="1"/>
        <line num="267" count="1" type="cond" truecount="1" falsecount="1"/>
        <line num="268" count="0" type="stmt"/>
        <line num="269" count="0" type="stmt"/>
        <line num="272" count="1" type="cond" truecount="3" falsecount="1"/>
        <line num="273" count="0" type="stmt"/>
        <line num="274" count="0" type="stmt"/>
        <line num="278" count="1" type="stmt"/>
        <line num="279" count="1" type="cond" truecount="1" falsecount="1"/>
        <line num="280" count="0" type="stmt"/>
        <line num="281" count="0" type="stmt"/>
        <line num="285" count="1" type="stmt"/>
        <line num="297" count="1" type="stmt"/>
        <line num="302" count="0" type="stmt"/>
        <line num="307" count="1" type="stmt"/>
        <line num="310" count="0" type="stmt"/>
        <line num="318" count="0" type="stmt"/>
        <line num="319" count="0" type="cond" truecount="0" falsecount="2"/>
        <line num="325" count="0" type="stmt"/>
        <line num="328" count="0" type="stmt"/>
        <line num="331" count="0" type="stmt"/>
        <line num="340" count="1" type="stmt"/>
        <line num="343" count="1" type="stmt"/>
        <line num="344" count="1" type="stmt"/>
        <line num="353" count="39" type="cond" truecount="2" falsecount="0"/>
        <line num="356" count="30" type="stmt"/>
        <line num="357" count="30" type="cond" truecount="2" falsecount="0"/>
        <line num="359" count="0" type="stmt"/>
        <line num="364" count="39" type="stmt"/>
        <line num="365" count="0" type="stmt"/>
        <line num="369" count="39" type="stmt"/>
        <line num="370" count="0" type="stmt"/>
        <line num="371" count="0" type="stmt"/>
        <line num="372" count="0" type="stmt"/>
        <line num="376" count="39" type="stmt"/>
        <line num="377" count="22" type="stmt"/>
        <line num="383" count="39" type="stmt"/>
        <line num="384" count="4" type="cond" truecount="2" falsecount="0"/>
        <line num="385" count="2" type="stmt"/>
        <line num="395" count="39" type="stmt"/>
        <line num="398" count="22" type="cond" truecount="2" falsecount="0"/>
        <line num="399" count="21" type="stmt"/>
        <line num="401" count="1" type="stmt"/>
        <line num="404" count="22" type="stmt"/>
        <line num="405" count="22" type="stmt"/>
        <line num="406" count="110" type="stmt"/>
        <line num="412" count="22" type="stmt"/>
        <line num="416" count="39" type="stmt"/>
        <line num="418" count="22" type="cond" truecount="2" falsecount="0"/>
        <line num="419" count="21" type="stmt"/>
        <line num="421" count="1" type="stmt"/>
        <line num="423" count="22" type="cond" truecount="1" falsecount="1"/>
        <line num="426" count="39" type="stmt"/>
        <line num="427" count="22" type="cond" truecount="2" falsecount="0"/>
        <line num="429" count="1" type="cond" truecount="2" falsecount="2"/>
        <line num="430" count="22" type="cond" truecount="2" falsecount="2"/>
        <line num="432" count="22" type="cond" truecount="2" falsecount="0"/>
        <line num="433" count="0" type="cond" truecount="0" falsecount="2"/>
        <line num="434" count="0" type="stmt"/>
        <line num="437" count="39" type="stmt"/>
        <line num="438" count="22" type="cond" truecount="2" falsecount="0"/>
        <line num="440" count="1" type="cond" truecount="2" falsecount="2"/>
        <line num="441" count="22" type="cond" truecount="2" falsecount="2"/>
        <line num="443" count="22" type="cond" truecount="2" falsecount="0"/>
        <line num="444" count="0" type="cond" truecount="0" falsecount="2"/>
        <line num="445" count="0" type="stmt"/>
        <line num="448" count="39" type="stmt"/>
        <line num="449" count="6" type="cond" truecount="2" falsecount="0"/>
        <line num="451" count="3" type="cond" truecount="2" falsecount="2"/>
        <line num="452" count="6" type="cond" truecount="2" falsecount="2"/>
        <line num="453" count="6" type="stmt"/>
        <line num="455" count="6" type="stmt"/>
        <line num="458" count="39" type="cond" truecount="2" falsecount="0"/>
        <line num="459" count="9" type="stmt"/>
        <line num="462" count="30" type="stmt"/>
        <line num="479" count="20" type="stmt"/>
        <line num="488" count="0" type="stmt"/>
        <line num="542" count="1" type="stmt"/>
        <line num="549" count="3" type="stmt"/>
        <line num="556" count="1" type="stmt"/>
        <line num="698" count="2" type="stmt"/>
        <line num="700" count="0" type="cond" truecount="0" falsecount="2"/>
        <line num="701" count="0" type="stmt"/>
        <line num="702" count="0" type="stmt"/>
        <line num="731" count="3" type="stmt"/>
        <line num="746" count="1" type="stmt"/>
        <line num="855" count="2" type="stmt"/>
        <line num="912" count="0" type="stmt"/>
        <line num="918" count="0" type="stmt"/>
      </file>
      <file name="HotelManage.module.css" path="/Users/quanpogba/Downloads/FE_SHCS-dev-4/src/pages/Admin/HotelManage/HotelManage.module.css">
        <metrics statements="0" coveredstatements="0" conditionals="0" coveredconditionals="0" methods="0" coveredmethods="0"/>
      </file>
    </package>
    <package name="pages.Admin.LoginPage">
      <metrics statements="62" coveredstatements="61" conditionals="49" coveredconditionals="43" methods="9" coveredmethods="8"/>
      <file name="LoginPage.jsx" path="/Users/quanpogba/Downloads/FE_SHCS-dev-4/src/pages/Admin/LoginPage/LoginPage.jsx">
        <metrics statements="62" coveredstatements="61" conditionals="49" coveredconditionals="43" methods="9" coveredmethods="8"/>
        <line num="7" count="1" type="stmt"/>
        <line num="8" count="34" type="stmt"/>
        <line num="9" count="34" type="stmt"/>
        <line num="10" count="34" type="stmt"/>
        <line num="11" count="34" type="stmt"/>
        <line num="12" count="34" type="stmt"/>
        <line num="13" count="34" type="stmt"/>
        <line num="14" count="34" type="stmt"/>
        <line num="16" count="34" type="stmt"/>
        <line num="17" count="7" type="stmt"/>
        <line num="20" count="7" type="cond" truecount="2" falsecount="0"/>
        <line num="21" count="1" type="stmt"/>
        <line num="22" count="6" type="cond" truecount="2" falsecount="0"/>
        <line num="23" count="1" type="stmt"/>
        <line num="27" count="7" type="cond" truecount="2" falsecount="0"/>
        <line num="28" count="1" type="stmt"/>
        <line num="29" count="6" type="cond" truecount="2" falsecount="0"/>
        <line num="30" count="1" type="stmt"/>
        <line num="33" count="7" type="stmt"/>
        <line num="34" count="7" type="stmt"/>
        <line num="37" count="34" type="stmt"/>
        <line num="38" count="7" type="stmt"/>
        <line num="40" count="7" type="cond" truecount="2" falsecount="0"/>
        <line num="42" count="5" type="stmt"/>
        <line num="44" count="5" type="stmt"/>
        <line num="45" count="5" type="stmt"/>
        <line num="47" count="3" type="cond" truecount="1" falsecount="1"/>
        <line num="48" count="3" type="stmt"/>
        <line num="49" count="3" type="stmt"/>
        <line num="51" count="3" type="cond" truecount="4" falsecount="0"/>
        <line num="52" count="1" type="stmt"/>
        <line num="53" count="1" type="stmt"/>
        <line num="57" count="2" type="cond" truecount="2" falsecount="0"/>
        <line num="58" count="1" type="stmt"/>
        <line num="59" count="1" type="stmt"/>
        <line num="63" count="1" type="stmt"/>
        <line num="64" count="1" type="cond" truecount="1" falsecount="1"/>
        <line num="67" count="3" type="stmt"/>
        <line num="68" count="3" type="stmt"/>
        <line num="69" count="3" type="stmt"/>
        <line num="72" count="2" type="stmt"/>
        <line num="74" count="2" type="cond" truecount="2" falsecount="0"/>
        <line num="75" count="1" type="stmt"/>
        <line num="76" count="1" type="stmt"/>
        <line num="77" count="1" type="stmt"/>
        <line num="78" count="2" type="cond" truecount="2" falsecount="0"/>
        <line num="80" count="1" type="stmt"/>
        <line num="81" count="1" type="stmt"/>
        <line num="83" count="1" type="cond" truecount="1" falsecount="2"/>
        <line num="86" count="5" type="stmt"/>
        <line num="90" count="34" type="stmt"/>
        <line num="91" count="2" type="stmt"/>
        <line num="94" count="34" type="stmt"/>
        <line num="95" count="12" type="cond" truecount="2" falsecount="0"/>
        <line num="96" count="6" type="stmt"/>
        <line num="97" count="6" type="cond" truecount="1" falsecount="1"/>
        <line num="98" count="6" type="stmt"/>
        <line num="102" count="12" type="cond" truecount="1" falsecount="1"/>
        <line num="103" count="0" type="stmt"/>
        <line num="107" count="34" type="stmt"/>
        <line num="132" count="6" type="stmt"/>
        <line num="150" count="6" type="stmt"/>
      </file>
      <file name="style.css" path="/Users/quanpogba/Downloads/FE_SHCS-dev-4/src/pages/Admin/LoginPage/style.css">
        <metrics statements="0" coveredstatements="0" conditionals="0" coveredconditionals="0" methods="0" coveredmethods="0"/>
      </file>
    </package>
    <package name="pages.Admin.Notification">
      <metrics statements="80" coveredstatements="64" conditionals="71" coveredconditionals="51" methods="27" coveredmethods="23"/>
      <file name="Notification.jsx" path="/Users/quanpogba/Downloads/FE_SHCS-dev-4/src/pages/Admin/Notification/Notification.jsx">
        <metrics statements="80" coveredstatements="64" conditionals="71" coveredconditionals="51" methods="27" coveredmethods="23"/>
        <line num="6" count="1" type="stmt"/>
        <line num="49" count="1" type="stmt"/>
        <line num="77" count="28" type="stmt"/>
        <line num="79" count="28" type="stmt"/>
        <line num="80" count="28" type="stmt"/>
        <line num="81" count="28" type="stmt"/>
        <line num="82" count="28" type="stmt"/>
        <line num="83" count="28" type="stmt"/>
        <line num="84" count="28" type="stmt"/>
        <line num="86" count="28" type="stmt"/>
        <line num="87" count="6" type="stmt"/>
        <line num="90" count="28" type="stmt"/>
        <line num="91" count="6" type="stmt"/>
        <line num="92" count="6" type="stmt"/>
        <line num="93" count="6" type="stmt"/>
        <line num="95" count="6" type="stmt"/>
        <line num="100" count="6" type="cond" truecount="1" falsecount="1"/>
        <line num="101" count="6" type="cond" truecount="1" falsecount="1"/>
        <line num="103" count="0" type="stmt"/>
        <line num="104" count="0" type="stmt"/>
        <line num="105" count="0" type="stmt"/>
        <line num="107" count="6" type="stmt"/>
        <line num="111" count="28" type="stmt"/>
        <line num="112" count="1" type="stmt"/>
        <line num="113" count="1" type="stmt"/>
        <line num="114" count="1" type="stmt"/>
        <line num="115" count="1" type="cond" truecount="1" falsecount="1"/>
        <line num="118" count="0" type="stmt"/>
        <line num="122" count="28" type="stmt"/>
        <line num="123" count="1" type="stmt"/>
        <line num="124" count="1" type="stmt"/>
        <line num="125" count="1" type="stmt"/>
        <line num="126" count="1" type="stmt"/>
        <line num="129" count="0" type="stmt"/>
        <line num="133" count="28" type="stmt"/>
        <line num="134" count="1" type="stmt"/>
        <line num="135" count="1" type="stmt"/>
        <line num="136" count="1" type="stmt"/>
        <line num="137" count="0" type="stmt"/>
        <line num="140" count="0" type="stmt"/>
        <line num="141" count="0" type="cond" truecount="0" falsecount="2"/>
        <line num="143" count="1" type="stmt"/>
        <line num="144" count="1" type="cond" truecount="1" falsecount="1"/>
        <line num="146" count="1" type="stmt"/>
        <line num="150" count="28" type="stmt"/>
        <line num="151" count="1" type="stmt"/>
        <line num="152" count="1" type="stmt"/>
        <line num="153" count="1" type="cond" truecount="1" falsecount="1"/>
        <line num="154" count="1" type="stmt"/>
        <line num="155" count="0" type="stmt"/>
        <line num="156" count="0" type="stmt"/>
        <line num="159" count="0" type="stmt"/>
        <line num="160" count="0" type="cond" truecount="0" falsecount="2"/>
        <line num="162" count="1" type="stmt"/>
        <line num="163" count="1" type="cond" truecount="2" falsecount="0"/>
        <line num="165" count="1" type="stmt"/>
        <line num="169" count="28" type="stmt"/>
        <line num="170" count="6" type="stmt"/>
        <line num="171" count="6" type="stmt"/>
        <line num="172" count="6" type="stmt"/>
        <line num="173" count="6" type="stmt"/>
        <line num="174" count="6" type="stmt"/>
        <line num="175" count="6" type="stmt"/>
        <line num="177" count="6" type="cond" truecount="1" falsecount="1"/>
        <line num="178" count="0" type="cond" truecount="0" falsecount="2"/>
        <line num="179" count="0" type="cond" truecount="0" falsecount="2"/>
        <line num="180" count="0" type="cond" truecount="0" falsecount="2"/>
        <line num="182" count="0" type="stmt"/>
        <line num="188" count="28" type="cond" truecount="2" falsecount="0"/>
        <line num="189" count="6" type="stmt"/>
        <line num="199" count="21" type="stmt"/>
        <line num="223" count="6" type="stmt"/>
        <line num="240" count="14" type="stmt"/>
        <line num="285" count="1" type="stmt"/>
        <line num="302" count="2" type="stmt"/>
        <line num="346" count="2" type="stmt"/>
        <line num="363" count="1" type="stmt"/>
        <line num="378" count="1" type="stmt"/>
        <line num="412" count="6" type="stmt"/>
        <line num="416" count="1" type="cond" truecount="2" falsecount="0"/>
      </file>
      <file name="Notification.module.css" path="/Users/quanpogba/Downloads/FE_SHCS-dev-4/src/pages/Admin/Notification/Notification.module.css">
        <metrics statements="0" coveredstatements="0" conditionals="0" coveredconditionals="0" methods="0" coveredmethods="0"/>
      </file>
    </package>
    <package name="pages.Admin.Setting">
      <metrics statements="32" coveredstatements="26" conditionals="25" coveredconditionals="24" methods="12" coveredmethods="7"/>
      <file name="SettingPage.jsx" path="/Users/quanpogba/Downloads/FE_SHCS-dev-4/src/pages/Admin/Setting/SettingPage.jsx">
        <metrics statements="32" coveredstatements="26" conditionals="25" coveredconditionals="24" methods="12" coveredmethods="7"/>
        <line num="10" count="1" type="stmt"/>
        <line num="11" count="10" type="stmt"/>
        <line num="18" count="10" type="stmt"/>
        <line num="26" count="10" type="stmt"/>
        <line num="27" count="10" type="stmt"/>
        <line num="29" count="10" type="stmt"/>
        <line num="30" count="3" type="stmt"/>
        <line num="33" count="10" type="stmt"/>
        <line num="34" count="3" type="stmt"/>
        <line num="35" count="3" type="stmt"/>
        <line num="37" count="3" type="stmt"/>
        <line num="44" count="2" type="stmt"/>
        <line num="51" count="1" type="stmt"/>
        <line num="52" count="1" type="stmt"/>
        <line num="54" count="3" type="stmt"/>
        <line num="58" count="10" type="stmt"/>
        <line num="59" count="1" type="stmt"/>
        <line num="70" count="1" type="cond" truecount="1" falsecount="1"/>
        <line num="72" count="1" type="stmt"/>
        <line num="75" count="1" type="stmt"/>
        <line num="76" count="1" type="stmt"/>
        <line num="78" count="0" type="stmt"/>
        <line num="82" count="10" type="stmt"/>
        <line num="83" count="4" type="stmt"/>
        <line num="89" count="10" type="stmt"/>
        <line num="139" count="1" type="stmt"/>
        <line num="153" count="1" type="stmt"/>
        <line num="164" count="0" type="stmt"/>
        <line num="175" count="0" type="stmt"/>
        <line num="186" count="0" type="stmt"/>
        <line num="198" count="0" type="stmt"/>
        <line num="216" count="0" type="stmt"/>
      </file>
      <file name="SettingPage.module.css" path="/Users/quanpogba/Downloads/FE_SHCS-dev-4/src/pages/Admin/Setting/SettingPage.module.css">
        <metrics statements="0" coveredstatements="0" conditionals="0" coveredconditionals="0" methods="0" coveredmethods="0"/>
      </file>
    </package>
    <package name="pages.Admin.UserManage">
      <metrics statements="72" coveredstatements="57" conditionals="67" coveredconditionals="42" methods="24" coveredmethods="18"/>
      <file name="UserManage.jsx" path="/Users/quanpogba/Downloads/FE_SHCS-dev-4/src/pages/Admin/UserManage/UserManage.jsx">
        <metrics statements="72" coveredstatements="57" conditionals="67" coveredconditionals="42" methods="24" coveredmethods="18"/>
        <line num="8" count="1" type="stmt"/>
        <line num="38" count="21" type="stmt"/>
        <line num="40" count="21" type="stmt"/>
        <line num="41" count="21" type="stmt"/>
        <line num="42" count="21" type="stmt"/>
        <line num="43" count="21" type="stmt"/>
        <line num="44" count="21" type="stmt"/>
        <line num="45" count="7" type="stmt"/>
        <line num="46" count="7" type="stmt"/>
        <line num="47" count="7" type="stmt"/>
        <line num="48" count="6" type="cond" truecount="1" falsecount="1"/>
        <line num="50" count="1" type="stmt"/>
        <line num="51" count="1" type="stmt"/>
        <line num="53" count="7" type="stmt"/>
        <line num="57" count="21" type="stmt"/>
        <line num="58" count="5" type="stmt"/>
        <line num="61" count="21" type="stmt"/>
        <line num="62" count="11" type="cond" truecount="1" falsecount="1"/>
        <line num="63" count="0" type="stmt"/>
        <line num="66" count="21" type="stmt"/>
        <line num="67" count="10" type="cond" truecount="2" falsecount="0"/>
        <line num="70" count="21" type="stmt"/>
        <line num="71" count="9" type="cond" truecount="2" falsecount="0"/>
        <line num="74" count="21" type="stmt"/>
        <line num="76" count="19" type="cond" truecount="2" falsecount="0"/>
        <line num="77" count="6" type="stmt"/>
        <line num="79" count="13" type="stmt"/>
        <line num="101" count="21" type="stmt"/>
        <line num="102" count="1" type="stmt"/>
        <line num="103" count="1" type="stmt"/>
        <line num="104" count="1" type="stmt"/>
        <line num="107" count="21" type="stmt"/>
        <line num="108" count="0" type="stmt"/>
        <line num="109" count="0" type="cond" truecount="0" falsecount="2"/>
        <line num="111" count="0" type="stmt"/>
        <line num="138" count="0" type="stmt"/>
        <line num="145" count="0" type="stmt"/>
        <line num="146" count="0" type="stmt"/>
        <line num="147" count="0" type="stmt"/>
        <line num="148" count="0" type="stmt"/>
        <line num="150" count="0" type="stmt"/>
        <line num="156" count="21" type="stmt"/>
        <line num="157" count="2" type="stmt"/>
        <line num="158" count="2" type="cond" truecount="2" falsecount="0"/>
        <line num="159" count="2" type="cond" truecount="2" falsecount="0"/>
        <line num="161" count="2" type="stmt"/>
        <line num="172" count="2" type="cond" truecount="1" falsecount="1"/>
        <line num="174" count="2" type="stmt"/>
        <line num="175" count="2" type="cond" truecount="2" falsecount="0"/>
        <line num="176" count="1" type="stmt"/>
        <line num="178" count="1" type="stmt"/>
        <line num="181" count="2" type="stmt"/>
        <line num="188" count="2" type="stmt"/>
        <line num="190" count="0" type="stmt"/>
        <line num="199" count="21" type="stmt"/>
        <line num="200" count="9" type="cond" truecount="1" falsecount="1"/>
        <line num="201" count="9" type="stmt"/>
        <line num="203" count="18" type="stmt"/>
        <line num="209" count="21" type="cond" truecount="2" falsecount="0"/>
        <line num="210" count="7" type="stmt"/>
        <line num="213" count="14" type="stmt"/>
        <line num="223" count="9" type="stmt"/>
        <line num="229" count="9" type="stmt"/>
        <line num="249" count="9" type="stmt"/>
        <line num="250" count="9" type="stmt"/>
        <line num="261" count="0" type="stmt"/>
        <line num="262" count="0" type="stmt"/>
        <line num="316" count="1" type="stmt"/>
        <line num="323" count="0" type="stmt"/>
        <line num="330" count="2" type="stmt"/>
        <line num="373" count="1" type="stmt"/>
        <line num="416" count="0" type="stmt"/>
      </file>
      <file name="UserManage.module.css" path="/Users/quanpogba/Downloads/FE_SHCS-dev-4/src/pages/Admin/UserManage/UserManage.module.css">
        <metrics statements="0" coveredstatements="0" conditionals="0" coveredconditionals="0" methods="0" coveredmethods="0"/>
      </file>
    </package>
    <package name="utils">
      <metrics statements="28" coveredstatements="28" conditionals="9" coveredconditionals="9" methods="6" coveredmethods="6"/>
      <file name="dateUtils.js" path="/Users/quanpogba/Downloads/FE_SHCS-dev-4/src/utils/dateUtils.js">
        <metrics statements="28" coveredstatements="28" conditionals="9" coveredconditionals="9" methods="6" coveredmethods="6"/>
        <line num="1" count="2" type="stmt"/>
        <line num="2" count="18" type="stmt"/>
        <line num="3" count="18" type="stmt"/>
        <line num="14" count="2" type="stmt"/>
        <line num="15" count="9" type="stmt"/>
        <line num="18" count="2" type="stmt"/>
        <line num="19" count="2" type="stmt"/>
        <line num="20" count="2" type="stmt"/>
        <line num="21" count="2" type="stmt"/>
        <line num="22" count="2" type="stmt"/>
        <line num="24" count="2" type="stmt"/>
        <line num="25" count="1" type="stmt"/>
        <line num="26" count="1" type="stmt"/>
        <line num="27" count="1" type="stmt"/>
        <line num="31" count="2" type="cond" truecount="1" falsecount="0"/>
        <line num="32" count="3" type="cond" truecount="2" falsecount="0"/>
        <line num="34" count="2" type="stmt"/>
        <line num="36" count="2" type="stmt"/>
        <line num="37" count="4" type="stmt"/>
        <line num="38" count="4" type="stmt"/>
        <line num="39" count="4" type="cond" truecount="2" falsecount="0"/>
        <line num="42" count="4" type="cond" truecount="2" falsecount="0"/>
        <line num="47" count="4" type="stmt"/>
        <line num="48" count="4" type="stmt"/>
        <line num="51" count="4" type="stmt"/>
        <line num="54" count="4" type="cond" truecount="2" falsecount="0"/>
        <line num="55" count="2" type="stmt"/>
        <line num="63" count="2" type="stmt"/>
      </file>
    </package>
  </project>
</coverage>
