{"/Users/quanpogba/Downloads/FE_SHCS-dev-4/src/components/Admin/DetailSidebar/BookingSidebarContent.jsx": {"path":"/Users/quanpogba/Downloads/FE_SHCS-dev-4/src/components/Admin/DetailSidebar/BookingSidebarContent.jsx","statementMap":{"0":{"start":{"line":3,"column":6},"end":{"line":289,"column":null}},"1":{"start":{"line":42,"column":8},"end":{"line":42,"column":null}},"2":{"start":{"line":44,"column":10},"end":{"line":52,"column":null}},"3":{"start":{"line":45,"column":8},"end":{"line":45,"column":null}},"4":{"start":{"line":45,"column":25},"end":{"line":45,"column":null}},"5":{"start":{"line":46,"column":8},"end":{"line":52,"column":null}},"6":{"start":{"line":55,"column":10},"end":{"line":59,"column":null}},"7":{"start":{"line":56,"column":8},"end":{"line":59,"column":null}},"8":{"start":{"line":62,"column":10},"end":{"line":68,"column":null}},"9":{"start":{"line":63,"column":8},"end":{"line":68,"column":null}},"10":{"start":{"line":64,"column":30},"end":{"line":64,"column":null}},"11":{"start":{"line":65,"column":31},"end":{"line":65,"column":null}},"12":{"start":{"line":66,"column":30},"end":{"line":66,"column":null}},"13":{"start":{"line":67,"column":29},"end":{"line":67,"column":null}},"14":{"start":{"line":68,"column":21},"end":{"line":68,"column":null}},"15":{"start":{"line":72,"column":10},"end":{"line":81,"column":null}},"16":{"start":{"line":73,"column":8},"end":{"line":73,"column":null}},"17":{"start":{"line":73,"column":21},"end":{"line":73,"column":null}},"18":{"start":{"line":74,"column":26},"end":{"line":80,"column":null}},"19":{"start":{"line":81,"column":8},"end":{"line":81,"column":null}},"20":{"start":{"line":84,"column":10},"end":{"line":90,"column":null}},"21":{"start":{"line":85,"column":8},"end":{"line":90,"column":null}},"22":{"start":{"line":86,"column":25},"end":{"line":86,"column":null}},"23":{"start":{"line":87,"column":28},"end":{"line":87,"column":null}},"24":{"start":{"line":88,"column":29},"end":{"line":88,"column":null}},"25":{"start":{"line":89,"column":27},"end":{"line":89,"column":null}},"26":{"start":{"line":90,"column":21},"end":{"line":90,"column":null}},"27":{"start":{"line":94,"column":10},"end":{"line":103,"column":null}},"28":{"start":{"line":95,"column":8},"end":{"line":95,"column":null}},"29":{"start":{"line":95,"column":28},"end":{"line":95,"column":null}},"30":{"start":{"line":96,"column":27},"end":{"line":102,"column":null}},"31":{"start":{"line":103,"column":8},"end":{"line":103,"column":null}},"32":{"start":{"line":106,"column":10},"end":{"line":111,"column":null}},"33":{"start":{"line":107,"column":8},"end":{"line":107,"column":null}},"34":{"start":{"line":107,"column":35},"end":{"line":107,"column":null}},"35":{"start":{"line":108,"column":22},"end":{"line":108,"column":39}},"36":{"start":{"line":109,"column":20},"end":{"line":109,"column":38}},"37":{"start":{"line":110,"column":25},"end":{"line":110,"column":46}},"38":{"start":{"line":111,"column":8},"end":{"line":111,"column":null}},"39":{"start":{"line":113,"column":10},"end":{"line":120,"column":null}},"40":{"start":{"line":114,"column":8},"end":{"line":114,"column":null}},"41":{"start":{"line":114,"column":19},"end":{"line":114,"column":null}},"42":{"start":{"line":115,"column":8},"end":{"line":120,"column":null}},"43":{"start":{"line":117,"column":25},"end":{"line":117,"column":33}},"44":{"start":{"line":123,"column":4},"end":{"line":123,"column":null}},"45":{"start":{"line":123,"column":18},"end":{"line":123,"column":null}},"46":{"start":{"line":125,"column":19},"end":{"line":125,"column":71}},"47":{"start":{"line":126,"column":22},"end":{"line":126,"column":null}},"48":{"start":{"line":127,"column":22},"end":{"line":127,"column":null}},"49":{"start":{"line":129,"column":4},"end":{"line":289,"column":null}},"50":{"start":{"line":148,"column":36},"end":{"line":148,"column":null}},"51":{"start":{"line":149,"column":36},"end":{"line":149,"column":null}}},"fnMap":{"0":{"name":"(anonymous_0)","decl":{"start":{"line":3,"column":6},"end":{"line":3,"column":31}},"loc":{"start":{"line":3,"column":47},"end":{"line":289,"column":null}},"line":3},"1":{"name":"(anonymous_1)","decl":{"start":{"line":44,"column":10},"end":{"line":44,"column":24}},"loc":{"start":{"line":44,"column":39},"end":{"line":52,"column":null}},"line":44},"2":{"name":"(anonymous_2)","decl":{"start":{"line":55,"column":10},"end":{"line":55,"column":28}},"loc":{"start":{"line":55,"column":39},"end":{"line":59,"column":null}},"line":55},"3":{"name":"(anonymous_3)","decl":{"start":{"line":62,"column":10},"end":{"line":62,"column":28}},"loc":{"start":{"line":62,"column":39},"end":{"line":68,"column":null}},"line":62},"4":{"name":"(anonymous_4)","decl":{"start":{"line":72,"column":10},"end":{"line":72,"column":27}},"loc":{"start":{"line":72,"column":38},"end":{"line":81,"column":null}},"line":72},"5":{"name":"(anonymous_5)","decl":{"start":{"line":84,"column":10},"end":{"line":84,"column":29}},"loc":{"start":{"line":84,"column":47},"end":{"line":90,"column":null}},"line":84},"6":{"name":"(anonymous_6)","decl":{"start":{"line":94,"column":10},"end":{"line":94,"column":28}},"loc":{"start":{"line":94,"column":46},"end":{"line":103,"column":null}},"line":94},"7":{"name":"(anonymous_7)","decl":{"start":{"line":106,"column":10},"end":{"line":106,"column":29}},"loc":{"start":{"line":106,"column":51},"end":{"line":111,"column":null}},"line":106},"8":{"name":"(anonymous_8)","decl":{"start":{"line":113,"column":10},"end":{"line":113,"column":25}},"loc":{"start":{"line":113,"column":34},"end":{"line":120,"column":null}},"line":113},"9":{"name":"(anonymous_9)","decl":{"start":{"line":117,"column":13},"end":{"line":117,"column":17}},"loc":{"start":{"line":117,"column":25},"end":{"line":117,"column":33}},"line":117},"10":{"name":"(anonymous_10)","decl":{"start":{"line":147,"column":32},"end":{"line":147,"column":42}},"loc":{"start":{"line":147,"column":48},"end":{"line":149,"column":null}},"line":147}},"branchMap":{"0":{"loc":{"start":{"line":45,"column":8},"end":{"line":45,"column":null}},"type":"if","locations":[{"start":{"line":45,"column":8},"end":{"line":45,"column":null}},{"start":{},"end":{}}],"line":45},"1":{"loc":{"start":{"line":63,"column":8},"end":{"line":68,"column":null}},"type":"switch","locations":[{"start":{"line":64,"column":12},"end":{"line":64,"column":null}},{"start":{"line":65,"column":12},"end":{"line":65,"column":null}},{"start":{"line":66,"column":12},"end":{"line":66,"column":null}},{"start":{"line":67,"column":12},"end":{"line":67,"column":null}},{"start":{"line":68,"column":12},"end":{"line":68,"column":null}}],"line":63},"2":{"loc":{"start":{"line":73,"column":8},"end":{"line":73,"column":null}},"type":"if","locations":[{"start":{"line":73,"column":8},"end":{"line":73,"column":null}},{"start":{},"end":{}}],"line":73},"3":{"loc":{"start":{"line":81,"column":15},"end":{"line":81,"column":null}},"type":"binary-expr","locations":[{"start":{"line":81,"column":15},"end":{"line":81,"column":50}},{"start":{"line":81,"column":50},"end":{"line":81,"column":null}}],"line":81},"4":{"loc":{"start":{"line":85,"column":8},"end":{"line":90,"column":null}},"type":"switch","locations":[{"start":{"line":86,"column":12},"end":{"line":86,"column":null}},{"start":{"line":87,"column":12},"end":{"line":87,"column":null}},{"start":{"line":88,"column":12},"end":{"line":88,"column":null}},{"start":{"line":89,"column":12},"end":{"line":89,"column":null}},{"start":{"line":90,"column":12},"end":{"line":90,"column":null}}],"line":85},"5":{"loc":{"start":{"line":95,"column":8},"end":{"line":95,"column":null}},"type":"if","locations":[{"start":{"line":95,"column":8},"end":{"line":95,"column":null}},{"start":{},"end":{}}],"line":95},"6":{"loc":{"start":{"line":103,"column":15},"end":{"line":103,"column":null}},"type":"binary-expr","locations":[{"start":{"line":103,"column":15},"end":{"line":103,"column":58}},{"start":{"line":103,"column":58},"end":{"line":103,"column":null}}],"line":103},"7":{"loc":{"start":{"line":107,"column":8},"end":{"line":107,"column":null}},"type":"if","locations":[{"start":{"line":107,"column":8},"end":{"line":107,"column":null}},{"start":{},"end":{}}],"line":107},"8":{"loc":{"start":{"line":107,"column":12},"end":{"line":107,"column":35}},"type":"binary-expr","locations":[{"start":{"line":107,"column":12},"end":{"line":107,"column":24}},{"start":{"line":107,"column":24},"end":{"line":107,"column":35}}],"line":107},"9":{"loc":{"start":{"line":114,"column":8},"end":{"line":114,"column":null}},"type":"if","locations":[{"start":{"line":114,"column":8},"end":{"line":114,"column":null}},{"start":{},"end":{}}],"line":114},"10":{"loc":{"start":{"line":123,"column":4},"end":{"line":123,"column":null}},"type":"if","locations":[{"start":{"line":123,"column":4},"end":{"line":123,"column":null}},{"start":{},"end":{}}],"line":123},"11":{"loc":{"start":{"line":126,"column":45},"end":{"line":126,"column":71}},"type":"binary-expr","locations":[{"start":{"line":126,"column":45},"end":{"line":126,"column":65}},{"start":{"line":126,"column":65},"end":{"line":126,"column":71}}],"line":126},"12":{"loc":{"start":{"line":126,"column":71},"end":{"line":126,"column":null}},"type":"binary-expr","locations":[{"start":{"line":126,"column":71},"end":{"line":126,"column":81}},{"start":{"line":126,"column":81},"end":{"line":126,"column":null}}],"line":126},"13":{"loc":{"start":{"line":127,"column":22},"end":{"line":127,"column":null}},"type":"binary-expr","locations":[{"start":{"line":127,"column":22},"end":{"line":127,"column":44}},{"start":{"line":127,"column":44},"end":{"line":127,"column":null}}],"line":127},"14":{"loc":{"start":{"line":142,"column":25},"end":{"line":152,"column":null}},"type":"cond-expr","locations":[{"start":{"line":143,"column":28},"end":{"line":152,"column":null}},{"start":{"line":152,"column":28},"end":{"line":152,"column":null}}],"line":142},"15":{"loc":{"start":{"line":155,"column":46},"end":{"line":155,"column":85}},"type":"cond-expr","locations":[{"start":{"line":155,"column":68},"end":{"line":155,"column":77}},{"start":{"line":155,"column":77},"end":{"line":155,"column":85}}],"line":155},"16":{"loc":{"start":{"line":161,"column":33},"end":{"line":161,"column":77}},"type":"binary-expr","locations":[{"start":{"line":161,"column":33},"end":{"line":161,"column":55}},{"start":{"line":161,"column":55},"end":{"line":161,"column":77}}],"line":161},"17":{"loc":{"start":{"line":163,"column":29},"end":{"line":163,"column":null}},"type":"binary-expr","locations":[{"start":{"line":163,"column":29},"end":{"line":163,"column":52}},{"start":{"line":163,"column":52},"end":{"line":163,"column":null}}],"line":163},"18":{"loc":{"start":{"line":165,"column":29},"end":{"line":165,"column":null}},"type":"binary-expr","locations":[{"start":{"line":165,"column":29},"end":{"line":165,"column":52}},{"start":{"line":165,"column":52},"end":{"line":165,"column":null}}],"line":165},"19":{"loc":{"start":{"line":179,"column":54},"end":{"line":179,"column":82}},"type":"binary-expr","locations":[{"start":{"line":179,"column":54},"end":{"line":179,"column":74}},{"start":{"line":179,"column":74},"end":{"line":179,"column":82}}],"line":179},"20":{"loc":{"start":{"line":183,"column":54},"end":{"line":183,"column":111}},"type":"binary-expr","locations":[{"start":{"line":183,"column":54},"end":{"line":183,"column":72}},{"start":{"line":183,"column":72},"end":{"line":183,"column":99}},{"start":{"line":183,"column":99},"end":{"line":183,"column":111}}],"line":183},"21":{"loc":{"start":{"line":224,"column":21},"end":{"line":228,"column":null}},"type":"binary-expr","locations":[{"start":{"line":224,"column":21},"end":{"line":224,"column":null}},{"start":{"line":225,"column":24},"end":{"line":228,"column":null}}],"line":224},"22":{"loc":{"start":{"line":232,"column":21},"end":{"line":235,"column":null}},"type":"binary-expr","locations":[{"start":{"line":232,"column":21},"end":{"line":232,"column":null}},{"start":{"line":233,"column":24},"end":{"line":235,"column":null}}],"line":232},"23":{"loc":{"start":{"line":246,"column":79},"end":{"line":246,"column":101}},"type":"binary-expr","locations":[{"start":{"line":246,"column":79},"end":{"line":246,"column":99}},{"start":{"line":246,"column":99},"end":{"line":246,"column":101}}],"line":246},"24":{"loc":{"start":{"line":249,"column":21},"end":{"line":252,"column":null}},"type":"binary-expr","locations":[{"start":{"line":249,"column":21},"end":{"line":249,"column":null}},{"start":{"line":250,"column":24},"end":{"line":252,"column":null}}],"line":249},"25":{"loc":{"start":{"line":268,"column":13},"end":{"line":275,"column":null}},"type":"binary-expr","locations":[{"start":{"line":268,"column":13},"end":{"line":268,"column":null}},{"start":{"line":269,"column":16},"end":{"line":275,"column":null}}],"line":268},"26":{"loc":{"start":{"line":272,"column":25},"end":{"line":274,"column":null}},"type":"cond-expr","locations":[{"start":{"line":273,"column":30},"end":{"line":273,"column":null}},{"start":{"line":274,"column":30},"end":{"line":274,"column":null}}],"line":272}},"s":{"0":2,"1":10,"2":10,"3":36,"4":14,"5":22,"6":10,"7":29,"8":10,"9":9,"10":2,"11":1,"12":1,"13":1,"14":4,"15":10,"16":9,"17":3,"18":6,"19":6,"20":10,"21":9,"22":1,"23":1,"24":1,"25":1,"26":5,"27":10,"28":9,"29":3,"30":6,"31":6,"32":10,"33":9,"34":3,"35":6,"36":6,"37":6,"38":6,"39":10,"40":9,"41":2,"42":7,"43":19,"44":10,"45":1,"46":9,"47":9,"48":10,"49":10,"50":1,"51":1},"f":{"0":10,"1":36,"2":29,"3":9,"4":9,"5":9,"6":9,"7":9,"8":9,"9":19,"10":1},"b":{"0":[14,22],"1":[2,1,1,1,4],"2":[3,6],"3":[6,1],"4":[1,1,1,1,5],"5":[3,6],"6":[6,1],"7":[3,6],"8":[9,6],"9":[2,7],"10":[1,9],"11":[9,3],"12":[10,3],"13":[10,8],"14":[1,8],"15":[1,8],"16":[10,2],"17":[10,4],"18":[10,4],"19":[10,3],"20":[10,3,3],"21":[10,5],"22":[10,1],"23":[10,3],"24":[10,1],"25":[10,5],"26":[5,0]},"meta":{"lastBranch":27,"lastFunction":11,"lastStatement":52,"seen":{"s:3:6:289:Infinity":0,"f:3:6:3:31":0,"s:42:8:42:Infinity":1,"s:44:10:52:Infinity":2,"f:44:10:44:24":1,"b:45:8:45:Infinity:undefined:undefined:undefined:undefined":0,"s:45:8:45:Infinity":3,"s:45:25:45:Infinity":4,"s:46:8:52:Infinity":5,"s:55:10:59:Infinity":6,"f:55:10:55:28":2,"s:56:8:59:Infinity":7,"s:62:10:68:Infinity":8,"f:62:10:62:28":3,"b:64:12:64:Infinity:65:12:65:Infinity:66:12:66:Infinity:67:12:67:Infinity:68:12:68:Infinity":1,"s:63:8:68:Infinity":9,"s:64:30:64:Infinity":10,"s:65:31:65:Infinity":11,"s:66:30:66:Infinity":12,"s:67:29:67:Infinity":13,"s:68:21:68:Infinity":14,"s:72:10:81:Infinity":15,"f:72:10:72:27":4,"b:73:8:73:Infinity:undefined:undefined:undefined:undefined":2,"s:73:8:73:Infinity":16,"s:73:21:73:Infinity":17,"s:74:26:80:Infinity":18,"s:81:8:81:Infinity":19,"b:81:15:81:50:81:50:81:Infinity":3,"s:84:10:90:Infinity":20,"f:84:10:84:29":5,"b:86:12:86:Infinity:87:12:87:Infinity:88:12:88:Infinity:89:12:89:Infinity:90:12:90:Infinity":4,"s:85:8:90:Infinity":21,"s:86:25:86:Infinity":22,"s:87:28:87:Infinity":23,"s:88:29:88:Infinity":24,"s:89:27:89:Infinity":25,"s:90:21:90:Infinity":26,"s:94:10:103:Infinity":27,"f:94:10:94:28":6,"b:95:8:95:Infinity:undefined:undefined:undefined:undefined":5,"s:95:8:95:Infinity":28,"s:95:28:95:Infinity":29,"s:96:27:102:Infinity":30,"s:103:8:103:Infinity":31,"b:103:15:103:58:103:58:103:Infinity":6,"s:106:10:111:Infinity":32,"f:106:10:106:29":7,"b:107:8:107:Infinity:undefined:undefined:undefined:undefined":7,"s:107:8:107:Infinity":33,"b:107:12:107:24:107:24:107:35":8,"s:107:35:107:Infinity":34,"s:108:22:108:39":35,"s:109:20:109:38":36,"s:110:25:110:46":37,"s:111:8:111:Infinity":38,"s:113:10:120:Infinity":39,"f:113:10:113:25":8,"b:114:8:114:Infinity:undefined:undefined:undefined:undefined":9,"s:114:8:114:Infinity":40,"s:114:19:114:Infinity":41,"s:115:8:120:Infinity":42,"f:117:13:117:17":9,"s:117:25:117:33":43,"b:123:4:123:Infinity:undefined:undefined:undefined:undefined":10,"s:123:4:123:Infinity":44,"s:123:18:123:Infinity":45,"s:125:19:125:71":46,"s:126:22:126:Infinity":47,"b:126:45:126:65:126:65:126:71":11,"b:126:71:126:81:126:81:126:Infinity":12,"s:127:22:127:Infinity":48,"b:127:22:127:44:127:44:127:Infinity":13,"s:129:4:289:Infinity":49,"b:143:28:152:Infinity:152:28:152:Infinity":14,"f:147:32:147:42":10,"s:148:36:148:Infinity":50,"s:149:36:149:Infinity":51,"b:155:68:155:77:155:77:155:85":15,"b:161:33:161:55:161:55:161:77":16,"b:163:29:163:52:163:52:163:Infinity":17,"b:165:29:165:52:165:52:165:Infinity":18,"b:179:54:179:74:179:74:179:82":19,"b:183:54:183:72:183:72:183:99:183:99:183:111":20,"b:224:21:224:Infinity:225:24:228:Infinity":21,"b:232:21:232:Infinity:233:24:235:Infinity":22,"b:246:79:246:99:246:99:246:101":23,"b:249:21:249:Infinity:250:24:252:Infinity":24,"b:268:13:268:Infinity:269:16:275:Infinity":25,"b:273:30:273:Infinity:274:30:274:Infinity":26}}}
,"/Users/quanpogba/Downloads/FE_SHCS-dev-4/src/components/Admin/DetailSidebar/BookingSidebarContent.module.css": {"path":"/Users/quanpogba/Downloads/FE_SHCS-dev-4/src/components/Admin/DetailSidebar/BookingSidebarContent.module.css","statementMap":{},"fnMap":{},"branchMap":{},"s":{},"f":{},"b":{},"meta":{"lastBranch":0,"lastFunction":0,"lastStatement":0,"seen":{}}}
,"/Users/quanpogba/Downloads/FE_SHCS-dev-4/src/components/Admin/DetailSidebar/DetailSidebar.jsx": {"path":"/Users/quanpogba/Downloads/FE_SHCS-dev-4/src/components/Admin/DetailSidebar/DetailSidebar.jsx","statementMap":{"0":{"start":{"line":3,"column":6},"end":{"line":58,"column":null}},"1":{"start":{"line":22,"column":8},"end":{"line":22,"column":null}},"2":{"start":{"line":24,"column":10},"end":{"line":29,"column":null}},"3":{"start":{"line":25,"column":8},"end":{"line":29,"column":null}},"4":{"start":{"line":26,"column":26},"end":{"line":26,"column":null}},"5":{"start":{"line":27,"column":25},"end":{"line":27,"column":null}},"6":{"start":{"line":28,"column":28},"end":{"line":28,"column":null}},"7":{"start":{"line":29,"column":21},"end":{"line":29,"column":null}},"8":{"start":{"line":33,"column":4},"end":{"line":33,"column":null}},"9":{"start":{"line":33,"column":17},"end":{"line":33,"column":null}},"10":{"start":{"line":35,"column":4},"end":{"line":58,"column":null}}},"fnMap":{"0":{"name":"(anonymous_0)","decl":{"start":{"line":3,"column":6},"end":{"line":3,"column":23}},"loc":{"start":{"line":9,"column":6},"end":{"line":58,"column":null}},"line":9},"1":{"name":"(anonymous_1)","decl":{"start":{"line":24,"column":10},"end":{"line":24,"column":38}},"loc":{"start":{"line":24,"column":38},"end":{"line":29,"column":null}},"line":24}},"branchMap":{"0":{"loc":{"start":{"line":8,"column":4},"end":{"line":8,"column":null}},"type":"default-arg","locations":[{"start":{"line":8,"column":11},"end":{"line":8,"column":null}}],"line":8},"1":{"loc":{"start":{"line":25,"column":8},"end":{"line":29,"column":null}},"type":"switch","locations":[{"start":{"line":26,"column":12},"end":{"line":26,"column":null}},{"start":{"line":27,"column":12},"end":{"line":27,"column":null}},{"start":{"line":28,"column":12},"end":{"line":28,"column":null}},{"start":{"line":29,"column":12},"end":{"line":29,"column":null}}],"line":25},"2":{"loc":{"start":{"line":33,"column":4},"end":{"line":33,"column":null}},"type":"if","locations":[{"start":{"line":33,"column":4},"end":{"line":33,"column":null}},{"start":{},"end":{}}],"line":33},"3":{"loc":{"start":{"line":42,"column":42},"end":{"line":42,"column":68}},"type":"cond-expr","locations":[{"start":{"line":42,"column":51},"end":{"line":42,"column":65}},{"start":{"line":42,"column":65},"end":{"line":42,"column":68}}],"line":42}},"s":{"0":2,"1":17,"2":17,"3":7,"4":1,"5":1,"6":2,"7":3,"8":17,"9":10,"10":7},"f":{"0":17,"1":7},"b":{"0":[17],"1":[1,1,2,3],"2":[10,7],"3":[7,0]},"meta":{"lastBranch":4,"lastFunction":2,"lastStatement":11,"seen":{"s:3:6:58:Infinity":0,"f:3:6:3:23":0,"b:8:11:8:Infinity":0,"s:22:8:22:Infinity":1,"s:24:10:29:Infinity":2,"f:24:10:24:38":1,"b:26:12:26:Infinity:27:12:27:Infinity:28:12:28:Infinity:29:12:29:Infinity":1,"s:25:8:29:Infinity":3,"s:26:26:26:Infinity":4,"s:27:25:27:Infinity":5,"s:28:28:28:Infinity":6,"s:29:21:29:Infinity":7,"b:33:4:33:Infinity:undefined:undefined:undefined:undefined":2,"s:33:4:33:Infinity":8,"s:33:17:33:Infinity":9,"s:35:4:58:Infinity":10,"b:42:51:42:65:42:65:42:68":3}}}
,"/Users/quanpogba/Downloads/FE_SHCS-dev-4/src/components/Admin/DetailSidebar/DetailSidebar.module.css": {"path":"/Users/quanpogba/Downloads/FE_SHCS-dev-4/src/components/Admin/DetailSidebar/DetailSidebar.module.css","statementMap":{},"fnMap":{},"branchMap":{},"s":{},"f":{},"b":{},"meta":{"lastBranch":0,"lastFunction":0,"lastStatement":0,"seen":{}}}
,"/Users/quanpogba/Downloads/FE_SHCS-dev-4/src/components/Button/Button.jsx": {"path":"/Users/quanpogba/Downloads/FE_SHCS-dev-4/src/components/Button/Button.jsx","statementMap":{"0":{"start":{"line":3,"column":6},"end":{"line":8,"column":null}},"1":{"start":{"line":4,"column":2},"end":{"line":8,"column":null}},"2":{"start":{"line":12,"column":22},"end":{"line":12,"column":null}}},"fnMap":{"0":{"name":"(anonymous_0)","decl":{"start":{"line":3,"column":6},"end":{"line":3,"column":16}},"loc":{"start":{"line":3,"column":36},"end":{"line":8,"column":null}},"line":3}},"branchMap":{},"s":{"0":1,"1":1,"2":1},"f":{"0":1},"b":{},"meta":{"lastBranch":0,"lastFunction":1,"lastStatement":3,"seen":{"s:3:6:8:Infinity":0,"f:3:6:3:16":0,"s:4:2:8:Infinity":1,"s:12:22:12:Infinity":2}}}
,"/Users/quanpogba/Downloads/FE_SHCS-dev-4/src/components/CurrentTime/CurrentTime.jsx": {"path":"/Users/quanpogba/Downloads/FE_SHCS-dev-4/src/components/CurrentTime/CurrentTime.jsx","statementMap":{"0":{"start":{"line":5,"column":22},"end":{"line":5,"column":52}},"1":{"start":{"line":6,"column":22},"end":{"line":6,"column":52}},"2":{"start":{"line":8,"column":2},"end":{"line":24,"column":null}},"3":{"start":{"line":9,"column":10},"end":{"line":17,"column":null}},"4":{"start":{"line":10,"column":18},"end":{"line":10,"column":28}},"5":{"start":{"line":11,"column":19},"end":{"line":14,"column":8}},"6":{"start":{"line":15,"column":19},"end":{"line":15,"column":50}},"7":{"start":{"line":16,"column":6},"end":{"line":16,"column":null}},"8":{"start":{"line":17,"column":6},"end":{"line":17,"column":null}},"9":{"start":{"line":20,"column":4},"end":{"line":20,"column":null}},"10":{"start":{"line":21,"column":18},"end":{"line":21,"column":51}},"11":{"start":{"line":23,"column":4},"end":{"line":23,"column":null}},"12":{"start":{"line":23,"column":17},"end":{"line":23,"column":37}},"13":{"start":{"line":26,"column":2},"end":{"line":30,"column":null}}},"fnMap":{"0":{"name":"CurrentTime","decl":{"start":{"line":4,"column":24},"end":{"line":4,"column":38}},"loc":{"start":{"line":4,"column":38},"end":{"line":30,"column":null}},"line":4},"1":{"name":"(anonymous_1)","decl":{"start":{"line":8,"column":2},"end":{"line":8,"column":18}},"loc":{"start":{"line":8,"column":18},"end":{"line":24,"column":7}},"line":8},"2":{"name":"(anonymous_2)","decl":{"start":{"line":9,"column":10},"end":{"line":9,"column":33}},"loc":{"start":{"line":9,"column":33},"end":{"line":17,"column":null}},"line":9},"3":{"name":"(anonymous_3)","decl":{"start":{"line":23,"column":4},"end":{"line":23,"column":17}},"loc":{"start":{"line":23,"column":17},"end":{"line":23,"column":37}},"line":23}},"branchMap":{},"s":{"0":2,"1":2,"2":2,"3":1,"4":1,"5":1,"6":1,"7":1,"8":1,"9":1,"10":1,"11":1,"12":1,"13":2},"f":{"0":2,"1":1,"2":1,"3":1},"b":{},"meta":{"lastBranch":0,"lastFunction":4,"lastStatement":14,"seen":{"f:4:24:4:38":0,"s:5:22:5:52":0,"s:6:22:6:52":1,"s:8:2:24:Infinity":2,"f:8:2:8:18":1,"s:9:10:17:Infinity":3,"f:9:10:9:33":2,"s:10:18:10:28":4,"s:11:19:14:8":5,"s:15:19:15:50":6,"s:16:6:16:Infinity":7,"s:17:6:17:Infinity":8,"s:20:4:20:Infinity":9,"s:21:18:21:51":10,"s:23:4:23:Infinity":11,"f:23:4:23:17":3,"s:23:17:23:37":12,"s:26:2:30:Infinity":13}}}
,"/Users/quanpogba/Downloads/FE_SHCS-dev-4/src/components/CurrentTime/YourStyle.module.css": {"path":"/Users/quanpogba/Downloads/FE_SHCS-dev-4/src/components/CurrentTime/YourStyle.module.css","statementMap":{},"fnMap":{},"branchMap":{},"s":{},"f":{},"b":{},"meta":{"lastBranch":0,"lastFunction":0,"lastStatement":0,"seen":{}}}
,"/Users/quanpogba/Downloads/FE_SHCS-dev-4/src/components/Loading/PartLoading.jsx": {"path":"/Users/quanpogba/Downloads/FE_SHCS-dev-4/src/components/Loading/PartLoading.jsx","statementMap":{"0":{"start":{"line":3,"column":6},"end":{"line":14,"column":null}},"1":{"start":{"line":4,"column":4},"end":{"line":14,"column":null}}},"fnMap":{"0":{"name":"(anonymous_0)","decl":{"start":{"line":3,"column":6},"end":{"line":3,"column":26}},"loc":{"start":{"line":3,"column":26},"end":{"line":14,"column":null}},"line":3}},"branchMap":{},"s":{"0":4,"1":29},"f":{"0":29},"b":{},"meta":{"lastBranch":0,"lastFunction":1,"lastStatement":2,"seen":{"s:3:6:14:Infinity":0,"f:3:6:3:26":0,"s:4:4:14:Infinity":1}}}
,"/Users/quanpogba/Downloads/FE_SHCS-dev-4/src/components/Loading/PartLoading.module.css": {"path":"/Users/quanpogba/Downloads/FE_SHCS-dev-4/src/components/Loading/PartLoading.module.css","statementMap":{},"fnMap":{},"branchMap":{},"s":{},"f":{},"b":{},"meta":{"lastBranch":0,"lastFunction":0,"lastStatement":0,"seen":{}}}
,"/Users/quanpogba/Downloads/FE_SHCS-dev-4/src/contexts/AuthContext.jsx": {"path":"/Users/quanpogba/Downloads/FE_SHCS-dev-4/src/contexts/AuthContext.jsx","statementMap":{"0":{"start":{"line":4,"column":13},"end":{"line":4,"column":42}},"1":{"start":{"line":6,"column":13},"end":{"line":55,"column":null}},"2":{"start":{"line":8,"column":15},"end":{"line":8,"column":40}},"3":{"start":{"line":9,"column":16},"end":{"line":9,"column":42}},"4":{"start":{"line":11,"column":2},"end":{"line":28,"column":null}},"5":{"start":{"line":12,"column":23},"end":{"line":12,"column":51}},"6":{"start":{"line":13,"column":24},"end":{"line":13,"column":53}},"7":{"start":{"line":16,"column":4},"end":{"line":21,"column":null}},"8":{"start":{"line":17,"column":6},"end":{"line":21,"column":null}},"9":{"start":{"line":18,"column":8},"end":{"line":18,"column":null}},"10":{"start":{"line":20,"column":8},"end":{"line":20,"column":null}},"11":{"start":{"line":21,"column":8},"end":{"line":21,"column":null}},"12":{"start":{"line":25,"column":4},"end":{"line":26,"column":null}},"13":{"start":{"line":26,"column":6},"end":{"line":26,"column":null}},"14":{"start":{"line":30,"column":8},"end":{"line":35,"column":null}},"15":{"start":{"line":31,"column":4},"end":{"line":35,"column":null}},"16":{"start":{"line":32,"column":21},"end":{"line":32,"column":null}},"17":{"start":{"line":33,"column":6},"end":{"line":33,"column":null}},"18":{"start":{"line":34,"column":6},"end":{"line":34,"column":null}},"19":{"start":{"line":38,"column":8},"end":{"line":42,"column":null}},"20":{"start":{"line":39,"column":4},"end":{"line":39,"column":null}},"21":{"start":{"line":40,"column":4},"end":{"line":40,"column":null}},"22":{"start":{"line":41,"column":4},"end":{"line":41,"column":null}},"23":{"start":{"line":42,"column":4},"end":{"line":42,"column":null}},"24":{"start":{"line":45,"column":8},"end":{"line":49,"column":null}},"25":{"start":{"line":46,"column":4},"end":{"line":46,"column":null}},"26":{"start":{"line":47,"column":4},"end":{"line":47,"column":null}},"27":{"start":{"line":48,"column":4},"end":{"line":48,"column":null}},"28":{"start":{"line":49,"column":4},"end":{"line":49,"column":null}},"29":{"start":{"line":52,"column":2},"end":{"line":55,"column":null}}},"fnMap":{"0":{"name":"(anonymous_0)","decl":{"start":{"line":6,"column":13},"end":{"line":6,"column":29}},"loc":{"start":{"line":6,"column":46},"end":{"line":55,"column":null}},"line":6},"1":{"name":"(anonymous_1)","decl":{"start":{"line":11,"column":2},"end":{"line":11,"column":18}},"loc":{"start":{"line":11,"column":18},"end":{"line":28,"column":7}},"line":11},"2":{"name":"(anonymous_2)","decl":{"start":{"line":30,"column":8},"end":{"line":30,"column":22}},"loc":{"start":{"line":30,"column":34},"end":{"line":35,"column":null}},"line":30},"3":{"name":"(anonymous_3)","decl":{"start":{"line":31,"column":4},"end":{"line":31,"column":12}},"loc":{"start":{"line":31,"column":20},"end":{"line":35,"column":null}},"line":31},"4":{"name":"(anonymous_4)","decl":{"start":{"line":38,"column":8},"end":{"line":38,"column":17}},"loc":{"start":{"line":38,"column":43},"end":{"line":42,"column":null}},"line":38},"5":{"name":"(anonymous_5)","decl":{"start":{"line":45,"column":8},"end":{"line":45,"column":23}},"loc":{"start":{"line":45,"column":23},"end":{"line":49,"column":null}},"line":45}},"branchMap":{"0":{"loc":{"start":{"line":16,"column":4},"end":{"line":21,"column":null}},"type":"if","locations":[{"start":{"line":16,"column":4},"end":{"line":21,"column":null}},{"start":{},"end":{}}],"line":16},"1":{"loc":{"start":{"line":16,"column":8},"end":{"line":16,"column":50}},"type":"binary-expr","locations":[{"start":{"line":16,"column":8},"end":{"line":16,"column":22}},{"start":{"line":16,"column":22},"end":{"line":16,"column":50}}],"line":16},"2":{"loc":{"start":{"line":25,"column":4},"end":{"line":26,"column":null}},"type":"if","locations":[{"start":{"line":25,"column":4},"end":{"line":26,"column":null}},{"start":{},"end":{}}],"line":25},"3":{"loc":{"start":{"line":25,"column":8},"end":{"line":25,"column":52}},"type":"binary-expr","locations":[{"start":{"line":25,"column":8},"end":{"line":25,"column":23}},{"start":{"line":25,"column":23},"end":{"line":25,"column":52}}],"line":25}},"s":{"0":3,"1":3,"2":12,"3":12,"4":12,"5":6,"6":6,"7":6,"8":4,"9":4,"10":1,"11":1,"12":6,"13":2,"14":12,"15":1,"16":1,"17":1,"18":1,"19":12,"20":1,"21":1,"22":1,"23":1,"24":12,"25":1,"26":1,"27":1,"28":1,"29":12},"f":{"0":12,"1":6,"2":1,"3":1,"4":1,"5":1},"b":{"0":[4,2],"1":[6,5],"2":[2,4],"3":[6,3]},"meta":{"lastBranch":4,"lastFunction":6,"lastStatement":30,"seen":{"s:4:13:4:42":0,"s:6:13:55:Infinity":1,"f:6:13:6:29":0,"s:8:15:8:40":2,"s:9:16:9:42":3,"s:11:2:28:Infinity":4,"f:11:2:11:18":1,"s:12:23:12:51":5,"s:13:24:13:53":6,"b:16:4:21:Infinity:undefined:undefined:undefined:undefined":0,"s:16:4:21:Infinity":7,"b:16:8:16:22:16:22:16:50":1,"s:17:6:21:Infinity":8,"s:18:8:18:Infinity":9,"s:20:8:20:Infinity":10,"s:21:8:21:Infinity":11,"b:25:4:26:Infinity:undefined:undefined:undefined:undefined":2,"s:25:4:26:Infinity":12,"b:25:8:25:23:25:23:25:52":3,"s:26:6:26:Infinity":13,"s:30:8:35:Infinity":14,"f:30:8:30:22":2,"s:31:4:35:Infinity":15,"f:31:4:31:12":3,"s:32:21:32:Infinity":16,"s:33:6:33:Infinity":17,"s:34:6:34:Infinity":18,"s:38:8:42:Infinity":19,"f:38:8:38:17":4,"s:39:4:39:Infinity":20,"s:40:4:40:Infinity":21,"s:41:4:41:Infinity":22,"s:42:4:42:Infinity":23,"s:45:8:49:Infinity":24,"f:45:8:45:23":5,"s:46:4:46:Infinity":25,"s:47:4:47:Infinity":26,"s:48:4:48:Infinity":27,"s:49:4:49:Infinity":28,"s:52:2:55:Infinity":29}}}
,"/Users/quanpogba/Downloads/FE_SHCS-dev-4/src/pages/Admin/BookingManage/BookingManage.jsx": {"path":"/Users/quanpogba/Downloads/FE_SHCS-dev-4/src/pages/Admin/BookingManage/BookingManage.jsx","statementMap":{"0":{"start":{"line":13,"column":6},"end":{"line":513,"column":null}},"1":{"start":{"line":50,"column":8},"end":{"line":50,"column":null}},"2":{"start":{"line":52,"column":10},"end":{"line":52,"column":40}},"3":{"start":{"line":53,"column":11},"end":{"line":53,"column":42}},"4":{"start":{"line":54,"column":28},"end":{"line":54,"column":64}},"5":{"start":{"line":55,"column":26},"end":{"line":55,"column":61}},"6":{"start":{"line":56,"column":28},"end":{"line":56,"column":65}},"7":{"start":{"line":57,"column":27},"end":{"line":57,"column":62}},"8":{"start":{"line":58,"column":25},"end":{"line":64,"column":6}},"9":{"start":{"line":67,"column":54},"end":{"line":83,"column":6}},"10":{"start":{"line":70,"column":27},"end":{"line":70,"column":64}},"11":{"start":{"line":71,"column":12},"end":{"line":77,"column":null}},"12":{"start":{"line":72,"column":16},"end":{"line":72,"column":null}},"13":{"start":{"line":73,"column":23},"end":{"line":77,"column":null}},"14":{"start":{"line":74,"column":16},"end":{"line":74,"column":null}},"15":{"start":{"line":76,"column":16},"end":{"line":76,"column":null}},"16":{"start":{"line":77,"column":16},"end":{"line":77,"column":null}},"17":{"start":{"line":86,"column":10},"end":{"line":95,"column":6}},"18":{"start":{"line":87,"column":40},"end":{"line":87,"column":84}},"19":{"start":{"line":89,"column":12},"end":{"line":89,"column":null}},"20":{"start":{"line":90,"column":12},"end":{"line":90,"column":null}},"21":{"start":{"line":93,"column":12},"end":{"line":93,"column":null}},"22":{"start":{"line":98,"column":10},"end":{"line":107,"column":6}},"23":{"start":{"line":99,"column":48},"end":{"line":99,"column":100}},"24":{"start":{"line":101,"column":12},"end":{"line":101,"column":null}},"25":{"start":{"line":102,"column":12},"end":{"line":102,"column":null}},"26":{"start":{"line":105,"column":12},"end":{"line":105,"column":null}},"27":{"start":{"line":110,"column":10},"end":{"line":129,"column":6}},"28":{"start":{"line":111,"column":28},"end":{"line":111,"column":60}},"29":{"start":{"line":113,"column":12},"end":{"line":113,"column":null}},"30":{"start":{"line":114,"column":12},"end":{"line":120,"column":null}},"31":{"start":{"line":123,"column":12},"end":{"line":127,"column":null}},"32":{"start":{"line":132,"column":10},"end":{"line":150,"column":6}},"33":{"start":{"line":133,"column":38},"end":{"line":133,"column":76}},"34":{"start":{"line":135,"column":12},"end":{"line":135,"column":null}},"35":{"start":{"line":136,"column":12},"end":{"line":136,"column":null}},"36":{"start":{"line":137,"column":12},"end":{"line":137,"column":null}},"37":{"start":{"line":138,"column":12},"end":{"line":138,"column":null}},"38":{"start":{"line":139,"column":12},"end":{"line":145,"column":null}},"39":{"start":{"line":148,"column":12},"end":{"line":148,"column":null}},"40":{"start":{"line":153,"column":4},"end":{"line":171,"column":null}},"41":{"start":{"line":154,"column":8},"end":{"line":169,"column":null}},"42":{"start":{"line":155,"column":12},"end":{"line":169,"column":null}},"43":{"start":{"line":173,"column":10},"end":{"line":180,"column":null}},"44":{"start":{"line":174,"column":8},"end":{"line":174,"column":null}},"45":{"start":{"line":174,"column":21},"end":{"line":174,"column":null}},"46":{"start":{"line":175,"column":8},"end":{"line":180,"column":null}},"47":{"start":{"line":176,"column":30},"end":{"line":176,"column":null}},"48":{"start":{"line":177,"column":31},"end":{"line":177,"column":null}},"49":{"start":{"line":178,"column":30},"end":{"line":178,"column":null}},"50":{"start":{"line":179,"column":29},"end":{"line":179,"column":null}},"51":{"start":{"line":180,"column":21},"end":{"line":180,"column":null}},"52":{"start":{"line":184,"column":10},"end":{"line":190,"column":null}},"53":{"start":{"line":185,"column":8},"end":{"line":185,"column":null}},"54":{"start":{"line":185,"column":21},"end":{"line":185,"column":null}},"55":{"start":{"line":186,"column":8},"end":{"line":190,"column":null}},"56":{"start":{"line":187,"column":25},"end":{"line":187,"column":null}},"57":{"start":{"line":188,"column":28},"end":{"line":188,"column":null}},"58":{"start":{"line":189,"column":29},"end":{"line":189,"column":null}},"59":{"start":{"line":190,"column":21},"end":{"line":190,"column":null}},"60":{"start":{"line":195,"column":10},"end":{"line":198,"column":null}},"61":{"start":{"line":196,"column":24},"end":{"line":196,"column":65}},"62":{"start":{"line":196,"column":46},"end":{"line":196,"column":65}},"63":{"start":{"line":197,"column":8},"end":{"line":197,"column":null}},"64":{"start":{"line":198,"column":8},"end":{"line":198,"column":null}},"65":{"start":{"line":202,"column":10},"end":{"line":205,"column":null}},"66":{"start":{"line":203,"column":24},"end":{"line":203,"column":65}},"67":{"start":{"line":203,"column":46},"end":{"line":203,"column":65}},"68":{"start":{"line":204,"column":8},"end":{"line":204,"column":null}},"69":{"start":{"line":205,"column":8},"end":{"line":205,"column":null}},"70":{"start":{"line":209,"column":10},"end":{"line":214,"column":null}},"71":{"start":{"line":210,"column":32},"end":{"line":210,"column":null}},"72":{"start":{"line":211,"column":8},"end":{"line":214,"column":null}},"73":{"start":{"line":211,"column":33},"end":{"line":214,"column":11}},"74":{"start":{"line":218,"column":10},"end":{"line":230,"column":null}},"75":{"start":{"line":219,"column":8},"end":{"line":230,"column":null}},"76":{"start":{"line":221,"column":34},"end":{"line":225,"column":null}},"77":{"start":{"line":227,"column":12},"end":{"line":230,"column":null}},"78":{"start":{"line":235,"column":25},"end":{"line":260,"column":null}},"79":{"start":{"line":236,"column":24},"end":{"line":245,"column":10}},"80":{"start":{"line":247,"column":8},"end":{"line":260,"column":null}},"81":{"start":{"line":249,"column":37},"end":{"line":249,"column":78}},"82":{"start":{"line":250,"column":12},"end":{"line":252,"column":null}},"83":{"start":{"line":251,"column":16},"end":{"line":251,"column":65}},"84":{"start":{"line":251,"column":40},"end":{"line":251,"column":65}},"85":{"start":{"line":255,"column":12},"end":{"line":260,"column":null}},"86":{"start":{"line":258,"column":20},"end":{"line":258,"column":null}},"87":{"start":{"line":265,"column":10},"end":{"line":266,"column":null}},"88":{"start":{"line":266,"column":8},"end":{"line":266,"column":null}},"89":{"start":{"line":270,"column":10},"end":{"line":271,"column":null}},"90":{"start":{"line":271,"column":8},"end":{"line":271,"column":null}},"91":{"start":{"line":274,"column":10},"end":{"line":276,"column":null}},"92":{"start":{"line":275,"column":8},"end":{"line":275,"column":null}},"93":{"start":{"line":276,"column":8},"end":{"line":276,"column":null}},"94":{"start":{"line":279,"column":10},"end":{"line":288,"column":null}},"95":{"start":{"line":280,"column":8},"end":{"line":280,"column":null}},"96":{"start":{"line":281,"column":8},"end":{"line":281,"column":null}},"97":{"start":{"line":282,"column":8},"end":{"line":288,"column":null}},"98":{"start":{"line":292,"column":4},"end":{"line":293,"column":null}},"99":{"start":{"line":293,"column":8},"end":{"line":293,"column":null}},"100":{"start":{"line":297,"column":4},"end":{"line":317,"column":null}},"101":{"start":{"line":298,"column":8},"end":{"line":317,"column":null}},"102":{"start":{"line":303,"column":39},"end":{"line":303,"column":48}},"103":{"start":{"line":321,"column":4},"end":{"line":513,"column":null}},"104":{"start":{"line":343,"column":32},"end":{"line":409,"column":null}},"105":{"start":{"line":358,"column":61},"end":{"line":358,"column":114}},"106":{"start":{"line":370,"column":61},"end":{"line":370,"column":107}},"107":{"start":{"line":385,"column":63},"end":{"line":385,"column":85}},"108":{"start":{"line":393,"column":63},"end":{"line":393,"column":85}},"109":{"start":{"line":401,"column":63},"end":{"line":401,"column":87}}},"fnMap":{"0":{"name":"(anonymous_0)","decl":{"start":{"line":13,"column":6},"end":{"line":13,"column":28}},"loc":{"start":{"line":13,"column":28},"end":{"line":513,"column":null}},"line":13},"1":{"name":"(anonymous_1)","decl":{"start":{"line":69,"column":17},"end":{"line":69,"column":29}},"loc":{"start":{"line":69,"column":29},"end":{"line":77,"column":null}},"line":69},"2":{"name":"(anonymous_2)","decl":{"start":{"line":87,"column":8},"end":{"line":87,"column":21}},"loc":{"start":{"line":87,"column":40},"end":{"line":87,"column":84}},"line":87},"3":{"name":"(anonymous_3)","decl":{"start":{"line":88,"column":8},"end":{"line":88,"column":25}},"loc":{"start":{"line":88,"column":25},"end":{"line":90,"column":null}},"line":88},"4":{"name":"(anonymous_4)","decl":{"start":{"line":92,"column":8},"end":{"line":92,"column":18}},"loc":{"start":{"line":92,"column":28},"end":{"line":93,"column":null}},"line":92},"5":{"name":"(anonymous_5)","decl":{"start":{"line":99,"column":8},"end":{"line":99,"column":21}},"loc":{"start":{"line":99,"column":48},"end":{"line":99,"column":100}},"line":99},"6":{"name":"(anonymous_6)","decl":{"start":{"line":100,"column":8},"end":{"line":100,"column":25}},"loc":{"start":{"line":100,"column":25},"end":{"line":102,"column":null}},"line":100},"7":{"name":"(anonymous_7)","decl":{"start":{"line":104,"column":8},"end":{"line":104,"column":18}},"loc":{"start":{"line":104,"column":28},"end":{"line":105,"column":null}},"line":104},"8":{"name":"(anonymous_8)","decl":{"start":{"line":111,"column":8},"end":{"line":111,"column":21}},"loc":{"start":{"line":111,"column":28},"end":{"line":111,"column":60}},"line":111},"9":{"name":"(anonymous_9)","decl":{"start":{"line":112,"column":8},"end":{"line":112,"column":25}},"loc":{"start":{"line":112,"column":25},"end":{"line":120,"column":null}},"line":112},"10":{"name":"(anonymous_10)","decl":{"start":{"line":122,"column":8},"end":{"line":122,"column":18}},"loc":{"start":{"line":122,"column":28},"end":{"line":127,"column":null}},"line":122},"11":{"name":"(anonymous_11)","decl":{"start":{"line":133,"column":8},"end":{"line":133,"column":21}},"loc":{"start":{"line":133,"column":38},"end":{"line":133,"column":76}},"line":133},"12":{"name":"(anonymous_12)","decl":{"start":{"line":134,"column":8},"end":{"line":134,"column":25}},"loc":{"start":{"line":134,"column":25},"end":{"line":145,"column":null}},"line":134},"13":{"name":"(anonymous_13)","decl":{"start":{"line":147,"column":8},"end":{"line":147,"column":18}},"loc":{"start":{"line":147,"column":28},"end":{"line":148,"column":null}},"line":147},"14":{"name":"(anonymous_14)","decl":{"start":{"line":153,"column":4},"end":{"line":153,"column":20}},"loc":{"start":{"line":153,"column":20},"end":{"line":171,"column":8}},"line":153},"15":{"name":"(anonymous_15)","decl":{"start":{"line":173,"column":10},"end":{"line":173,"column":28}},"loc":{"start":{"line":173,"column":39},"end":{"line":180,"column":null}},"line":173},"16":{"name":"(anonymous_16)","decl":{"start":{"line":184,"column":10},"end":{"line":184,"column":29}},"loc":{"start":{"line":184,"column":40},"end":{"line":190,"column":null}},"line":184},"17":{"name":"(anonymous_17)","decl":{"start":{"line":195,"column":10},"end":{"line":195,"column":24}},"loc":{"start":{"line":195,"column":38},"end":{"line":198,"column":null}},"line":195},"18":{"name":"(anonymous_18)","decl":{"start":{"line":196,"column":36},"end":{"line":196,"column":41}},"loc":{"start":{"line":196,"column":46},"end":{"line":196,"column":65}},"line":196},"19":{"name":"(anonymous_19)","decl":{"start":{"line":202,"column":10},"end":{"line":202,"column":24}},"loc":{"start":{"line":202,"column":38},"end":{"line":205,"column":null}},"line":202},"20":{"name":"(anonymous_20)","decl":{"start":{"line":203,"column":36},"end":{"line":203,"column":41}},"loc":{"start":{"line":203,"column":46},"end":{"line":203,"column":65}},"line":203},"21":{"name":"(anonymous_21)","decl":{"start":{"line":209,"column":10},"end":{"line":209,"column":31}},"loc":{"start":{"line":209,"column":37},"end":{"line":214,"column":null}},"line":209},"22":{"name":"(anonymous_22)","decl":{"start":{"line":211,"column":8},"end":{"line":211,"column":24}},"loc":{"start":{"line":211,"column":33},"end":{"line":214,"column":11}},"line":211},"23":{"name":"(anonymous_23)","decl":{"start":{"line":218,"column":10},"end":{"line":218,"column":31}},"loc":{"start":{"line":218,"column":31},"end":{"line":230,"column":null}},"line":218},"24":{"name":"(anonymous_24)","decl":{"start":{"line":235,"column":25},"end":{"line":235,"column":32}},"loc":{"start":{"line":235,"column":46},"end":{"line":260,"column":null}},"line":235},"25":{"name":"(anonymous_25)","decl":{"start":{"line":250,"column":52},"end":{"line":250,"column":55}},"loc":{"start":{"line":251,"column":16},"end":{"line":251,"column":65}},"line":251},"26":{"name":"(anonymous_26)","decl":{"start":{"line":251,"column":20},"end":{"line":251,"column":28}},"loc":{"start":{"line":251,"column":40},"end":{"line":251,"column":65}},"line":251},"27":{"name":"(anonymous_27)","decl":{"start":{"line":256,"column":16},"end":{"line":256,"column":31}},"loc":{"start":{"line":256,"column":31},"end":{"line":260,"column":14}},"line":256},"28":{"name":"(anonymous_28)","decl":{"start":{"line":265,"column":10},"end":{"line":265,"column":32}},"loc":{"start":{"line":265,"column":50},"end":{"line":266,"column":null}},"line":265},"29":{"name":"(anonymous_29)","decl":{"start":{"line":270,"column":10},"end":{"line":270,"column":39}},"loc":{"start":{"line":270,"column":64},"end":{"line":271,"column":null}},"line":270},"30":{"name":"(anonymous_30)","decl":{"start":{"line":274,"column":10},"end":{"line":274,"column":37}},"loc":{"start":{"line":274,"column":37},"end":{"line":276,"column":null}},"line":274},"31":{"name":"(anonymous_31)","decl":{"start":{"line":279,"column":10},"end":{"line":279,"column":39}},"loc":{"start":{"line":279,"column":39},"end":{"line":288,"column":null}},"line":279},"32":{"name":"(anonymous_32)","decl":{"start":{"line":303,"column":24},"end":{"line":303,"column":39}},"loc":{"start":{"line":303,"column":39},"end":{"line":303,"column":48}},"line":303},"33":{"name":"(anonymous_33)","decl":{"start":{"line":342,"column":40},"end":{"line":342,"column":45}},"loc":{"start":{"line":343,"column":32},"end":{"line":409,"column":null}},"line":343},"34":{"name":"(anonymous_34)","decl":{"start":{"line":358,"column":44},"end":{"line":358,"column":55}},"loc":{"start":{"line":358,"column":61},"end":{"line":358,"column":114}},"line":358},"35":{"name":"(anonymous_35)","decl":{"start":{"line":370,"column":44},"end":{"line":370,"column":55}},"loc":{"start":{"line":370,"column":61},"end":{"line":370,"column":107}},"line":370},"36":{"name":"(anonymous_36)","decl":{"start":{"line":385,"column":48},"end":{"line":385,"column":63}},"loc":{"start":{"line":385,"column":63},"end":{"line":385,"column":85}},"line":385},"37":{"name":"(anonymous_37)","decl":{"start":{"line":393,"column":48},"end":{"line":393,"column":63}},"loc":{"start":{"line":393,"column":63},"end":{"line":393,"column":85}},"line":393},"38":{"name":"(anonymous_38)","decl":{"start":{"line":401,"column":48},"end":{"line":401,"column":63}},"loc":{"start":{"line":401,"column":63},"end":{"line":401,"column":87}},"line":401}},"branchMap":{"0":{"loc":{"start":{"line":67,"column":18},"end":{"line":67,"column":34}},"type":"default-arg","locations":[{"start":{"line":67,"column":32},"end":{"line":67,"column":34}}],"line":67},"1":{"loc":{"start":{"line":71,"column":12},"end":{"line":77,"column":null}},"type":"if","locations":[{"start":{"line":71,"column":12},"end":{"line":77,"column":null}},{"start":{"line":73,"column":23},"end":{"line":77,"column":null}}],"line":71},"2":{"loc":{"start":{"line":71,"column":16},"end":{"line":71,"column":52}},"type":"binary-expr","locations":[{"start":{"line":71,"column":16},"end":{"line":71,"column":26}},{"start":{"line":71,"column":26},"end":{"line":71,"column":52}}],"line":71},"3":{"loc":{"start":{"line":73,"column":23},"end":{"line":77,"column":null}},"type":"if","locations":[{"start":{"line":73,"column":23},"end":{"line":77,"column":null}},{"start":{"line":75,"column":19},"end":{"line":77,"column":null}}],"line":73},"4":{"loc":{"start":{"line":93,"column":24},"end":{"line":93,"column":90}},"type":"binary-expr","locations":[{"start":{"line":93,"column":24},"end":{"line":93,"column":58}},{"start":{"line":93,"column":58},"end":{"line":93,"column":90}}],"line":93},"5":{"loc":{"start":{"line":105,"column":24},"end":{"line":105,"column":101}},"type":"binary-expr","locations":[{"start":{"line":105,"column":24},"end":{"line":105,"column":58}},{"start":{"line":105,"column":58},"end":{"line":105,"column":101}}],"line":105},"6":{"loc":{"start":{"line":126,"column":22},"end":{"line":126,"column":null}},"type":"binary-expr","locations":[{"start":{"line":126,"column":22},"end":{"line":126,"column":56}},{"start":{"line":126,"column":56},"end":{"line":126,"column":null}}],"line":126},"7":{"loc":{"start":{"line":148,"column":24},"end":{"line":148,"column":89}},"type":"binary-expr","locations":[{"start":{"line":148,"column":24},"end":{"line":148,"column":58}},{"start":{"line":148,"column":58},"end":{"line":148,"column":89}}],"line":148},"8":{"loc":{"start":{"line":154,"column":8},"end":{"line":169,"column":null}},"type":"if","locations":[{"start":{"line":154,"column":8},"end":{"line":169,"column":null}},{"start":{},"end":{}}],"line":154},"9":{"loc":{"start":{"line":154,"column":12},"end":{"line":154,"column":47}},"type":"binary-expr","locations":[{"start":{"line":154,"column":12},"end":{"line":154,"column":30}},{"start":{"line":154,"column":30},"end":{"line":154,"column":47}}],"line":154},"10":{"loc":{"start":{"line":156,"column":26},"end":{"line":156,"column":null}},"type":"binary-expr","locations":[{"start":{"line":156,"column":26},"end":{"line":156,"column":53}},{"start":{"line":156,"column":53},"end":{"line":156,"column":86}},{"start":{"line":156,"column":86},"end":{"line":156,"column":null}}],"line":156},"11":{"loc":{"start":{"line":157,"column":24},"end":{"line":157,"column":null}},"type":"binary-expr","locations":[{"start":{"line":157,"column":24},"end":{"line":157,"column":49}},{"start":{"line":157,"column":49},"end":{"line":157,"column":83}},{"start":{"line":157,"column":83},"end":{"line":157,"column":null}}],"line":157},"12":{"loc":{"start":{"line":158,"column":26},"end":{"line":162,"column":null}},"type":"cond-expr","locations":[{"start":{"line":159,"column":22},"end":{"line":159,"column":80}},{"start":{"line":160,"column":22},"end":{"line":162,"column":null}}],"line":158},"13":{"loc":{"start":{"line":160,"column":22},"end":{"line":162,"column":null}},"type":"cond-expr","locations":[{"start":{"line":161,"column":22},"end":{"line":161,"column":83}},{"start":{"line":162,"column":22},"end":{"line":162,"column":null}}],"line":160},"14":{"loc":{"start":{"line":163,"column":27},"end":{"line":167,"column":null}},"type":"cond-expr","locations":[{"start":{"line":164,"column":22},"end":{"line":164,"column":81}},{"start":{"line":165,"column":22},"end":{"line":167,"column":null}}],"line":163},"15":{"loc":{"start":{"line":165,"column":22},"end":{"line":167,"column":null}},"type":"cond-expr","locations":[{"start":{"line":166,"column":22},"end":{"line":166,"column":84}},{"start":{"line":167,"column":22},"end":{"line":167,"column":null}}],"line":165},"16":{"loc":{"start":{"line":168,"column":29},"end":{"line":168,"column":null}},"type":"binary-expr","locations":[{"start":{"line":168,"column":29},"end":{"line":168,"column":59}},{"start":{"line":168,"column":59},"end":{"line":168,"column":88}},{"start":{"line":168,"column":88},"end":{"line":168,"column":null}}],"line":168},"17":{"loc":{"start":{"line":174,"column":8},"end":{"line":174,"column":null}},"type":"if","locations":[{"start":{"line":174,"column":8},"end":{"line":174,"column":null}},{"start":{},"end":{}}],"line":174},"18":{"loc":{"start":{"line":175,"column":8},"end":{"line":180,"column":null}},"type":"switch","locations":[{"start":{"line":176,"column":12},"end":{"line":176,"column":null}},{"start":{"line":177,"column":12},"end":{"line":177,"column":null}},{"start":{"line":178,"column":12},"end":{"line":178,"column":null}},{"start":{"line":179,"column":12},"end":{"line":179,"column":null}},{"start":{"line":180,"column":12},"end":{"line":180,"column":null}}],"line":175},"19":{"loc":{"start":{"line":185,"column":8},"end":{"line":185,"column":null}},"type":"if","locations":[{"start":{"line":185,"column":8},"end":{"line":185,"column":null}},{"start":{},"end":{}}],"line":185},"20":{"loc":{"start":{"line":186,"column":8},"end":{"line":190,"column":null}},"type":"switch","locations":[{"start":{"line":187,"column":12},"end":{"line":187,"column":null}},{"start":{"line":188,"column":12},"end":{"line":188,"column":null}},{"start":{"line":189,"column":12},"end":{"line":189,"column":null}},{"start":{"line":190,"column":12},"end":{"line":190,"column":null}}],"line":186},"21":{"loc":{"start":{"line":219,"column":8},"end":{"line":230,"column":null}},"type":"if","locations":[{"start":{"line":219,"column":8},"end":{"line":230,"column":null}},{"start":{},"end":{}}],"line":219},"22":{"loc":{"start":{"line":247,"column":8},"end":{"line":260,"column":null}},"type":"if","locations":[{"start":{"line":247,"column":8},"end":{"line":260,"column":null}},{"start":{},"end":{}}],"line":247},"23":{"loc":{"start":{"line":292,"column":4},"end":{"line":293,"column":null}},"type":"if","locations":[{"start":{"line":292,"column":4},"end":{"line":293,"column":null}},{"start":{},"end":{}}],"line":292},"24":{"loc":{"start":{"line":297,"column":4},"end":{"line":317,"column":null}},"type":"if","locations":[{"start":{"line":297,"column":4},"end":{"line":317,"column":null}},{"start":{},"end":{}}],"line":297},"25":{"loc":{"start":{"line":341,"column":25},"end":{"line":416,"column":null}},"type":"cond-expr","locations":[{"start":{"line":342,"column":28},"end":{"line":409,"column":null}},{"start":{"line":412,"column":28},"end":{"line":416,"column":null}}],"line":341},"26":{"loc":{"start":{"line":345,"column":56},"end":{"line":345,"column":81}},"type":"binary-expr","locations":[{"start":{"line":345,"column":56},"end":{"line":345,"column":70}},{"start":{"line":345,"column":70},"end":{"line":345,"column":81}}],"line":345},"27":{"loc":{"start":{"line":347,"column":41},"end":{"line":347,"column":62}},"type":"binary-expr","locations":[{"start":{"line":347,"column":41},"end":{"line":347,"column":56}},{"start":{"line":347,"column":56},"end":{"line":347,"column":62}}],"line":347},"28":{"loc":{"start":{"line":348,"column":41},"end":{"line":348,"column":null}},"type":"binary-expr","locations":[{"start":{"line":348,"column":41},"end":{"line":348,"column":56}},{"start":{"line":348,"column":56},"end":{"line":348,"column":null}}],"line":348},"29":{"loc":{"start":{"line":350,"column":56},"end":{"line":350,"column":88}},"type":"binary-expr","locations":[{"start":{"line":350,"column":56},"end":{"line":350,"column":77}},{"start":{"line":350,"column":77},"end":{"line":350,"column":88}}],"line":350},"30":{"loc":{"start":{"line":351,"column":56},"end":{"line":351,"column":114}},"type":"binary-expr","locations":[{"start":{"line":351,"column":56},"end":{"line":351,"column":75}},{"start":{"line":351,"column":75},"end":{"line":351,"column":103}},{"start":{"line":351,"column":103},"end":{"line":351,"column":114}}],"line":351},"31":{"loc":{"start":{"line":352,"column":71},"end":{"line":352,"column":119}},"type":"binary-expr","locations":[{"start":{"line":352,"column":71},"end":{"line":352,"column":92}},{"start":{"line":352,"column":92},"end":{"line":352,"column":119}}],"line":352},"32":{"loc":{"start":{"line":353,"column":71},"end":{"line":353,"column":121}},"type":"binary-expr","locations":[{"start":{"line":353,"column":71},"end":{"line":353,"column":93}},{"start":{"line":353,"column":93},"end":{"line":353,"column":121}}],"line":353},"33":{"loc":{"start":{"line":357,"column":51},"end":{"line":357,"column":null}},"type":"binary-expr","locations":[{"start":{"line":357,"column":51},"end":{"line":357,"column":77}},{"start":{"line":357,"column":77},"end":{"line":357,"column":null}}],"line":357},"34":{"loc":{"start":{"line":359,"column":54},"end":{"line":359,"column":null}},"type":"binary-expr","locations":[{"start":{"line":359,"column":54},"end":{"line":359,"column":82}},{"start":{"line":359,"column":82},"end":{"line":359,"column":null}}],"line":359},"35":{"loc":{"start":{"line":369,"column":51},"end":{"line":369,"column":null}},"type":"binary-expr","locations":[{"start":{"line":369,"column":51},"end":{"line":369,"column":69}},{"start":{"line":369,"column":69},"end":{"line":369,"column":null}}],"line":369},"36":{"loc":{"start":{"line":371,"column":54},"end":{"line":371,"column":null}},"type":"binary-expr","locations":[{"start":{"line":371,"column":54},"end":{"line":371,"column":82}},{"start":{"line":371,"column":82},"end":{"line":371,"column":null}}],"line":371},"37":{"loc":{"start":{"line":379,"column":51},"end":{"line":379,"column":null}},"type":"binary-expr","locations":[{"start":{"line":379,"column":51},"end":{"line":379,"column":75}},{"start":{"line":379,"column":75},"end":{"line":379,"column":null}}],"line":379},"38":{"loc":{"start":{"line":423,"column":13},"end":{"line":502,"column":null}},"type":"binary-expr","locations":[{"start":{"line":423,"column":13},"end":{"line":423,"column":32}},{"start":{"line":423,"column":32},"end":{"line":423,"column":null}},{"start":{"line":424,"column":16},"end":{"line":502,"column":null}}],"line":423},"39":{"loc":{"start":{"line":498,"column":33},"end":{"line":498,"column":null}},"type":"cond-expr","locations":[{"start":{"line":498,"column":67},"end":{"line":498,"column":83}},{"start":{"line":498,"column":83},"end":{"line":498,"column":null}}],"line":498},"40":{"loc":{"start":{"line":512,"column":17},"end":{"line":512,"column":null}},"type":"binary-expr","locations":[{"start":{"line":512,"column":17},"end":{"line":512,"column":36}},{"start":{"line":512,"column":36},"end":{"line":512,"column":null}}],"line":512}},"s":{"0":1,"1":16,"2":16,"3":16,"4":16,"5":16,"6":16,"7":16,"8":16,"9":16,"10":8,"11":8,"12":8,"13":0,"14":0,"15":0,"16":0,"17":16,"18":2,"19":1,"20":1,"21":1,"22":16,"23":0,"24":0,"25":0,"26":0,"27":16,"28":1,"29":1,"30":1,"31":0,"32":16,"33":0,"34":0,"35":0,"36":0,"37":0,"38":0,"39":0,"40":16,"41":6,"42":0,"43":16,"44":9,"45":2,"46":7,"47":7,"48":0,"49":0,"50":0,"51":0,"52":16,"53":9,"54":2,"55":7,"56":0,"57":7,"58":0,"59":0,"60":16,"61":1,"62":1,"63":1,"64":1,"65":16,"66":0,"67":0,"68":0,"69":0,"70":16,"71":0,"72":0,"73":0,"74":16,"75":0,"76":0,"77":0,"78":16,"79":1,"80":1,"81":1,"82":1,"83":1,"84":1,"85":1,"86":0,"87":16,"88":2,"89":16,"90":0,"91":16,"92":0,"93":0,"94":16,"95":0,"96":0,"97":0,"98":16,"99":6,"100":10,"101":0,"102":0,"103":10,"104":9,"105":0,"106":2,"107":1,"108":0,"109":1},"f":{"0":16,"1":8,"2":2,"3":1,"4":1,"5":0,"6":0,"7":0,"8":1,"9":1,"10":0,"11":0,"12":0,"13":0,"14":6,"15":9,"16":9,"17":1,"18":1,"19":0,"20":0,"21":0,"22":0,"23":0,"24":1,"25":1,"26":1,"27":0,"28":2,"29":0,"30":0,"31":0,"32":0,"33":9,"34":0,"35":2,"36":1,"37":0,"38":1},"b":{"0":[16],"1":[8,0],"2":[8,8],"3":[0,0],"4":[1,1],"5":[0,0],"6":[0,0],"7":[0,0],"8":[0,6],"9":[6,0],"10":[0,0,0],"11":[0,0,0],"12":[0,0],"13":[0,0],"14":[0,0],"15":[0,0],"16":[0,0,0],"17":[2,7],"18":[7,0,0,0,0],"19":[2,7],"20":[0,7,0,0],"21":[0,0],"22":[1,0],"23":[6,10],"24":[0,10],"25":[9,1],"26":[9,2],"27":[9,2],"28":[9,2],"29":[9,2],"30":[9,2,2],"31":[9,2],"32":[9,2],"33":[9,2],"34":[9,9],"35":[9,2],"36":[9,9],"37":[9,0],"38":[16,0,0],"39":[0,0],"40":[16,1]},"meta":{"lastBranch":41,"lastFunction":39,"lastStatement":110,"seen":{"s:13:6:513:Infinity":0,"f:13:6:13:28":0,"s:50:8:50:Infinity":1,"s:52:10:52:40":2,"s:53:11:53:42":3,"s:54:28:54:64":4,"s:55:26:55:61":5,"s:56:28:56:65":6,"s:57:27:57:62":7,"s:58:25:64:6":8,"s:67:54:83:6":9,"b:67:32:67:34":0,"f:69:17:69:29":1,"s:70:27:70:64":10,"b:71:12:77:Infinity:73:23:77:Infinity":1,"s:71:12:77:Infinity":11,"b:71:16:71:26:71:26:71:52":2,"s:72:16:72:Infinity":12,"b:73:23:77:Infinity:75:19:77:Infinity":3,"s:73:23:77:Infinity":13,"s:74:16:74:Infinity":14,"s:76:16:76:Infinity":15,"s:77:16:77:Infinity":16,"s:86:10:95:6":17,"f:87:8:87:21":2,"s:87:40:87:84":18,"f:88:8:88:25":3,"s:89:12:89:Infinity":19,"s:90:12:90:Infinity":20,"f:92:8:92:18":4,"s:93:12:93:Infinity":21,"b:93:24:93:58:93:58:93:90":4,"s:98:10:107:6":22,"f:99:8:99:21":5,"s:99:48:99:100":23,"f:100:8:100:25":6,"s:101:12:101:Infinity":24,"s:102:12:102:Infinity":25,"f:104:8:104:18":7,"s:105:12:105:Infinity":26,"b:105:24:105:58:105:58:105:101":5,"s:110:10:129:6":27,"f:111:8:111:21":8,"s:111:28:111:60":28,"f:112:8:112:25":9,"s:113:12:113:Infinity":29,"s:114:12:120:Infinity":30,"f:122:8:122:18":10,"s:123:12:127:Infinity":31,"b:126:22:126:56:126:56:126:Infinity":6,"s:132:10:150:6":32,"f:133:8:133:21":11,"s:133:38:133:76":33,"f:134:8:134:25":12,"s:135:12:135:Infinity":34,"s:136:12:136:Infinity":35,"s:137:12:137:Infinity":36,"s:138:12:138:Infinity":37,"s:139:12:145:Infinity":38,"f:147:8:147:18":13,"s:148:12:148:Infinity":39,"b:148:24:148:58:148:58:148:89":7,"s:153:4:171:Infinity":40,"f:153:4:153:20":14,"b:154:8:169:Infinity:undefined:undefined:undefined:undefined":8,"s:154:8:169:Infinity":41,"b:154:12:154:30:154:30:154:47":9,"s:155:12:169:Infinity":42,"b:156:26:156:53:156:53:156:86:156:86:156:Infinity":10,"b:157:24:157:49:157:49:157:83:157:83:157:Infinity":11,"b:159:22:159:80:160:22:162:Infinity":12,"b:161:22:161:83:162:22:162:Infinity":13,"b:164:22:164:81:165:22:167:Infinity":14,"b:166:22:166:84:167:22:167:Infinity":15,"b:168:29:168:59:168:59:168:88:168:88:168:Infinity":16,"s:173:10:180:Infinity":43,"f:173:10:173:28":15,"b:174:8:174:Infinity:undefined:undefined:undefined:undefined":17,"s:174:8:174:Infinity":44,"s:174:21:174:Infinity":45,"b:176:12:176:Infinity:177:12:177:Infinity:178:12:178:Infinity:179:12:179:Infinity:180:12:180:Infinity":18,"s:175:8:180:Infinity":46,"s:176:30:176:Infinity":47,"s:177:31:177:Infinity":48,"s:178:30:178:Infinity":49,"s:179:29:179:Infinity":50,"s:180:21:180:Infinity":51,"s:184:10:190:Infinity":52,"f:184:10:184:29":16,"b:185:8:185:Infinity:undefined:undefined:undefined:undefined":19,"s:185:8:185:Infinity":53,"s:185:21:185:Infinity":54,"b:187:12:187:Infinity:188:12:188:Infinity:189:12:189:Infinity:190:12:190:Infinity":20,"s:186:8:190:Infinity":55,"s:187:25:187:Infinity":56,"s:188:28:188:Infinity":57,"s:189:29:189:Infinity":58,"s:190:21:190:Infinity":59,"s:195:10:198:Infinity":60,"f:195:10:195:24":17,"s:196:24:196:65":61,"f:196:36:196:41":18,"s:196:46:196:65":62,"s:197:8:197:Infinity":63,"s:198:8:198:Infinity":64,"s:202:10:205:Infinity":65,"f:202:10:202:24":19,"s:203:24:203:65":66,"f:203:36:203:41":20,"s:203:46:203:65":67,"s:204:8:204:Infinity":68,"s:205:8:205:Infinity":69,"s:209:10:214:Infinity":70,"f:209:10:209:31":21,"s:210:32:210:Infinity":71,"s:211:8:214:Infinity":72,"f:211:8:211:24":22,"s:211:33:214:11":73,"s:218:10:230:Infinity":74,"f:218:10:218:31":23,"b:219:8:230:Infinity:undefined:undefined:undefined:undefined":21,"s:219:8:230:Infinity":75,"s:221:34:225:Infinity":76,"s:227:12:230:Infinity":77,"s:235:25:260:Infinity":78,"f:235:25:235:32":24,"s:236:24:245:10":79,"b:247:8:260:Infinity:undefined:undefined:undefined:undefined":22,"s:247:8:260:Infinity":80,"s:249:37:249:78":81,"s:250:12:252:Infinity":82,"f:250:52:250:55":25,"s:251:16:251:65":83,"f:251:20:251:28":26,"s:251:40:251:65":84,"s:255:12:260:Infinity":85,"f:256:16:256:31":27,"s:258:20:258:Infinity":86,"s:265:10:266:Infinity":87,"f:265:10:265:32":28,"s:266:8:266:Infinity":88,"s:270:10:271:Infinity":89,"f:270:10:270:39":29,"s:271:8:271:Infinity":90,"s:274:10:276:Infinity":91,"f:274:10:274:37":30,"s:275:8:275:Infinity":92,"s:276:8:276:Infinity":93,"s:279:10:288:Infinity":94,"f:279:10:279:39":31,"s:280:8:280:Infinity":95,"s:281:8:281:Infinity":96,"s:282:8:288:Infinity":97,"b:292:4:293:Infinity:undefined:undefined:undefined:undefined":23,"s:292:4:293:Infinity":98,"s:293:8:293:Infinity":99,"b:297:4:317:Infinity:undefined:undefined:undefined:undefined":24,"s:297:4:317:Infinity":100,"s:298:8:317:Infinity":101,"f:303:24:303:39":32,"s:303:39:303:48":102,"s:321:4:513:Infinity":103,"b:342:28:409:Infinity:412:28:416:Infinity":25,"f:342:40:342:45":33,"s:343:32:409:Infinity":104,"b:345:56:345:70:345:70:345:81":26,"b:347:41:347:56:347:56:347:62":27,"b:348:41:348:56:348:56:348:Infinity":28,"b:350:56:350:77:350:77:350:88":29,"b:351:56:351:75:351:75:351:103:351:103:351:114":30,"b:352:71:352:92:352:92:352:119":31,"b:353:71:353:93:353:93:353:121":32,"b:357:51:357:77:357:77:357:Infinity":33,"f:358:44:358:55":34,"s:358:61:358:114":105,"b:359:54:359:82:359:82:359:Infinity":34,"b:369:51:369:69:369:69:369:Infinity":35,"f:370:44:370:55":35,"s:370:61:370:107":106,"b:371:54:371:82:371:82:371:Infinity":36,"b:379:51:379:75:379:75:379:Infinity":37,"f:385:48:385:63":36,"s:385:63:385:85":107,"f:393:48:393:63":37,"s:393:63:393:85":108,"f:401:48:401:63":38,"s:401:63:401:87":109,"b:423:13:423:32:423:32:423:Infinity:424:16:502:Infinity":38,"b:498:67:498:83:498:83:498:Infinity":39,"b:512:17:512:36:512:36:512:Infinity":40}}}
,"/Users/quanpogba/Downloads/FE_SHCS-dev-4/src/pages/Admin/BookingManage/BookingManage.module.css": {"path":"/Users/quanpogba/Downloads/FE_SHCS-dev-4/src/pages/Admin/BookingManage/BookingManage.module.css","statementMap":{},"fnMap":{},"branchMap":{},"s":{},"f":{},"b":{},"meta":{"lastBranch":0,"lastFunction":0,"lastStatement":0,"seen":{}}}
,"/Users/quanpogba/Downloads/FE_SHCS-dev-4/src/pages/Admin/Dashboard/Dashboard.jsx": {"path":"/Users/quanpogba/Downloads/FE_SHCS-dev-4/src/pages/Admin/Dashboard/Dashboard.jsx","statementMap":{"0":{"start":{"line":8,"column":6},"end":{"line":39,"column":null}},"1":{"start":{"line":17,"column":8},"end":{"line":17,"column":null}},"2":{"start":{"line":21,"column":4},"end":{"line":39,"column":null}}},"fnMap":{"0":{"name":"(anonymous_0)","decl":{"start":{"line":8,"column":6},"end":{"line":8,"column":24}},"loc":{"start":{"line":8,"column":24},"end":{"line":39,"column":null}},"line":8}},"branchMap":{},"s":{"0":1,"1":1,"2":1},"f":{"0":1},"b":{},"meta":{"lastBranch":0,"lastFunction":1,"lastStatement":3,"seen":{"s:8:6:39:Infinity":0,"f:8:6:8:24":0,"s:17:8:17:Infinity":1,"s:21:4:39:Infinity":2}}}
,"/Users/quanpogba/Downloads/FE_SHCS-dev-4/src/pages/Admin/Dashboard/Dashboard.module.css": {"path":"/Users/quanpogba/Downloads/FE_SHCS-dev-4/src/pages/Admin/Dashboard/Dashboard.module.css","statementMap":{},"fnMap":{},"branchMap":{},"s":{},"f":{},"b":{},"meta":{"lastBranch":0,"lastFunction":0,"lastStatement":0,"seen":{}}}
,"/Users/quanpogba/Downloads/FE_SHCS-dev-4/src/pages/Admin/HotelManage/HotelManage.jsx": {"path":"/Users/quanpogba/Downloads/FE_SHCS-dev-4/src/pages/Admin/HotelManage/HotelManage.jsx","statementMap":{"0":{"start":{"line":8,"column":6},"end":{"line":928,"column":null}},"1":{"start":{"line":67,"column":8},"end":{"line":67,"column":null}},"2":{"start":{"line":69,"column":23},"end":{"line":69,"column":52}},"3":{"start":{"line":70,"column":26},"end":{"line":70,"column":60}},"4":{"start":{"line":71,"column":26},"end":{"line":71,"column":61}},"5":{"start":{"line":72,"column":13},"end":{"line":72,"column":44}},"6":{"start":{"line":73,"column":20},"end":{"line":73,"column":49}},"7":{"start":{"line":74,"column":23},"end":{"line":74,"column":55}},"8":{"start":{"line":75,"column":21},"end":{"line":84,"column":6}},"9":{"start":{"line":85,"column":23},"end":{"line":85,"column":52}},"10":{"start":{"line":88,"column":24},"end":{"line":98,"column":null}},"11":{"start":{"line":89,"column":8},"end":{"line":98,"column":null}},"12":{"start":{"line":90,"column":12},"end":{"line":90,"column":null}},"13":{"start":{"line":91,"column":29},"end":{"line":91,"column":62}},"14":{"start":{"line":92,"column":12},"end":{"line":92,"column":null}},"15":{"start":{"line":94,"column":12},"end":{"line":94,"column":null}},"16":{"start":{"line":95,"column":12},"end":{"line":95,"column":null}},"17":{"start":{"line":96,"column":12},"end":{"line":96,"column":null}},"18":{"start":{"line":98,"column":12},"end":{"line":98,"column":null}},"19":{"start":{"line":102,"column":4},"end":{"line":104,"column":null}},"20":{"start":{"line":103,"column":8},"end":{"line":103,"column":null}},"21":{"start":{"line":107,"column":10},"end":{"line":115,"column":null}},"22":{"start":{"line":108,"column":8},"end":{"line":108,"column":null}},"23":{"start":{"line":108,"column":25},"end":{"line":108,"column":null}},"24":{"start":{"line":111,"column":8},"end":{"line":112,"column":null}},"25":{"start":{"line":112,"column":12},"end":{"line":112,"column":null}},"26":{"start":{"line":115,"column":8},"end":{"line":115,"column":null}},"27":{"start":{"line":119,"column":10},"end":{"line":124,"column":null}},"28":{"start":{"line":120,"column":22},"end":{"line":120,"column":44}},"29":{"start":{"line":121,"column":8},"end":{"line":122,"column":null}},"30":{"start":{"line":122,"column":12},"end":{"line":122,"column":null}},"31":{"start":{"line":124,"column":8},"end":{"line":124,"column":null}},"32":{"start":{"line":128,"column":23},"end":{"line":165,"column":null}},"33":{"start":{"line":129,"column":8},"end":{"line":165,"column":null}},"34":{"start":{"line":130,"column":12},"end":{"line":130,"column":null}},"35":{"start":{"line":131,"column":26},"end":{"line":131,"column":66}},"36":{"start":{"line":133,"column":12},"end":{"line":135,"column":null}},"37":{"start":{"line":134,"column":16},"end":{"line":134,"column":null}},"38":{"start":{"line":135,"column":16},"end":{"line":135,"column":null}},"39":{"start":{"line":138,"column":12},"end":{"line":138,"column":null}},"40":{"start":{"line":139,"column":12},"end":{"line":139,"column":null}},"41":{"start":{"line":142,"column":12},"end":{"line":159,"column":null}},"42":{"start":{"line":143,"column":16},"end":{"line":157,"column":null}},"43":{"start":{"line":144,"column":43},"end":{"line":144,"column":96}},"44":{"start":{"line":145,"column":20},"end":{"line":154,"column":null}},"45":{"start":{"line":155,"column":20},"end":{"line":155,"column":null}},"46":{"start":{"line":156,"column":20},"end":{"line":156,"column":null}},"47":{"start":{"line":159,"column":16},"end":{"line":159,"column":null}},"48":{"start":{"line":162,"column":12},"end":{"line":162,"column":null}},"49":{"start":{"line":163,"column":12},"end":{"line":163,"column":null}},"50":{"start":{"line":165,"column":12},"end":{"line":165,"column":null}},"51":{"start":{"line":170,"column":10},"end":{"line":171,"column":null}},"52":{"start":{"line":171,"column":8},"end":{"line":171,"column":null}},"53":{"start":{"line":178,"column":25},"end":{"line":220,"column":null}},"54":{"start":{"line":179,"column":8},"end":{"line":220,"column":null}},"55":{"start":{"line":180,"column":27},"end":{"line":189,"column":14}},"56":{"start":{"line":191,"column":12},"end":{"line":191,"column":null}},"57":{"start":{"line":191,"column":37},"end":{"line":191,"column":null}},"58":{"start":{"line":193,"column":24},"end":{"line":193,"column":66}},"59":{"start":{"line":195,"column":12},"end":{"line":211,"column":null}},"60":{"start":{"line":197,"column":16},"end":{"line":197,"column":null}},"61":{"start":{"line":197,"column":38},"end":{"line":197,"column":72}},"62":{"start":{"line":197,"column":55},"end":{"line":197,"column":72}},"63":{"start":{"line":200,"column":16},"end":{"line":202,"column":null}},"64":{"start":{"line":201,"column":20},"end":{"line":201,"column":null}},"65":{"start":{"line":202,"column":20},"end":{"line":202,"column":null}},"66":{"start":{"line":206,"column":16},"end":{"line":210,"column":null}},"67":{"start":{"line":211,"column":16},"end":{"line":211,"column":null}},"68":{"start":{"line":215,"column":12},"end":{"line":215,"column":null}},"69":{"start":{"line":216,"column":12},"end":{"line":220,"column":null}},"70":{"start":{"line":225,"column":10},"end":{"line":230,"column":null}},"71":{"start":{"line":226,"column":32},"end":{"line":226,"column":null}},"72":{"start":{"line":227,"column":8},"end":{"line":230,"column":null}},"73":{"start":{"line":227,"column":29},"end":{"line":230,"column":11}},"74":{"start":{"line":234,"column":10},"end":{"line":250,"column":null}},"75":{"start":{"line":235,"column":24},"end":{"line":235,"column":41}},"76":{"start":{"line":236,"column":8},"end":{"line":238,"column":null}},"77":{"start":{"line":237,"column":12},"end":{"line":237,"column":null}},"78":{"start":{"line":238,"column":12},"end":{"line":238,"column":null}},"79":{"start":{"line":241,"column":8},"end":{"line":243,"column":null}},"80":{"start":{"line":242,"column":12},"end":{"line":242,"column":null}},"81":{"start":{"line":243,"column":12},"end":{"line":243,"column":null}},"82":{"start":{"line":246,"column":8},"end":{"line":249,"column":null}},"83":{"start":{"line":246,"column":29},"end":{"line":249,"column":11}},"84":{"start":{"line":250,"column":8},"end":{"line":250,"column":null}},"85":{"start":{"line":254,"column":10},"end":{"line":258,"column":null}},"86":{"start":{"line":255,"column":8},"end":{"line":258,"column":null}},"87":{"start":{"line":255,"column":29},"end":{"line":258,"column":11}},"88":{"start":{"line":257,"column":55},"end":{"line":257,"column":null}},"89":{"start":{"line":262,"column":25},"end":{"line":349,"column":null}},"90":{"start":{"line":263,"column":8},"end":{"line":349,"column":null}},"91":{"start":{"line":264,"column":12},"end":{"line":264,"column":null}},"92":{"start":{"line":264,"column":32},"end":{"line":264,"column":null}},"93":{"start":{"line":267,"column":12},"end":{"line":269,"column":null}},"94":{"start":{"line":268,"column":16},"end":{"line":268,"column":null}},"95":{"start":{"line":269,"column":16},"end":{"line":269,"column":null}},"96":{"start":{"line":272,"column":12},"end":{"line":274,"column":null}},"97":{"start":{"line":273,"column":16},"end":{"line":273,"column":null}},"98":{"start":{"line":274,"column":16},"end":{"line":274,"column":null}},"99":{"start":{"line":278,"column":31},"end":{"line":278,"column":78}},"100":{"start":{"line":279,"column":12},"end":{"line":281,"column":null}},"101":{"start":{"line":280,"column":16},"end":{"line":280,"column":null}},"102":{"start":{"line":281,"column":16},"end":{"line":281,"column":null}},"103":{"start":{"line":285,"column":31},"end":{"line":294,"column":null}},"104":{"start":{"line":297,"column":12},"end":{"line":304,"column":null}},"105":{"start":{"line":302,"column":20},"end":{"line":302,"column":null}},"106":{"start":{"line":307,"column":29},"end":{"line":307,"column":89}},"107":{"start":{"line":310,"column":37},"end":{"line":315,"column":null}},"108":{"start":{"line":318,"column":12},"end":{"line":322,"column":null}},"109":{"start":{"line":318,"column":34},"end":{"line":321,"column":null}},"110":{"start":{"line":319,"column":16},"end":{"line":321,"column":null}},"111":{"start":{"line":325,"column":12},"end":{"line":325,"column":null}},"112":{"start":{"line":328,"column":12},"end":{"line":328,"column":null}},"113":{"start":{"line":331,"column":12},"end":{"line":337,"column":null}},"114":{"start":{"line":340,"column":12},"end":{"line":340,"column":null}},"115":{"start":{"line":343,"column":12},"end":{"line":343,"column":null}},"116":{"start":{"line":344,"column":12},"end":{"line":349,"column":null}},"117":{"start":{"line":353,"column":22},"end":{"line":361,"column":null}},"118":{"start":{"line":356,"column":12},"end":{"line":359,"column":null}},"119":{"start":{"line":357,"column":16},"end":{"line":357,"column":null}},"120":{"start":{"line":359,"column":16},"end":{"line":359,"column":null}},"121":{"start":{"line":364,"column":10},"end":{"line":365,"column":null}},"122":{"start":{"line":365,"column":8},"end":{"line":365,"column":null}},"123":{"start":{"line":369,"column":10},"end":{"line":372,"column":null}},"124":{"start":{"line":370,"column":8},"end":{"line":370,"column":null}},"125":{"start":{"line":371,"column":8},"end":{"line":371,"column":null}},"126":{"start":{"line":372,"column":8},"end":{"line":372,"column":null}},"127":{"start":{"line":376,"column":10},"end":{"line":380,"column":null}},"128":{"start":{"line":377,"column":8},"end":{"line":380,"column":null}},"129":{"start":{"line":383,"column":10},"end":{"line":391,"column":null}},"130":{"start":{"line":384,"column":8},"end":{"line":384,"column":null}},"131":{"start":{"line":384,"column":25},"end":{"line":384,"column":null}},"132":{"start":{"line":385,"column":8},"end":{"line":391,"column":null}},"133":{"start":{"line":395,"column":10},"end":{"line":412,"column":null}},"134":{"start":{"line":398,"column":8},"end":{"line":401,"column":null}},"135":{"start":{"line":399,"column":12},"end":{"line":399,"column":null}},"136":{"start":{"line":401,"column":12},"end":{"line":401,"column":null}},"137":{"start":{"line":404,"column":22},"end":{"line":404,"column":24}},"138":{"start":{"line":405,"column":8},"end":{"line":410,"column":null}},"139":{"start":{"line":405,"column":21},"end":{"line":405,"column":24}},"140":{"start":{"line":406,"column":12},"end":{"line":410,"column":null}},"141":{"start":{"line":412,"column":8},"end":{"line":412,"column":null}},"142":{"start":{"line":416,"column":10},"end":{"line":423,"column":null}},"143":{"start":{"line":418,"column":8},"end":{"line":421,"column":null}},"144":{"start":{"line":419,"column":12},"end":{"line":419,"column":null}},"145":{"start":{"line":421,"column":12},"end":{"line":421,"column":null}},"146":{"start":{"line":423,"column":8},"end":{"line":423,"column":null}},"147":{"start":{"line":426,"column":10},"end":{"line":434,"column":null}},"148":{"start":{"line":427,"column":8},"end":{"line":427,"column":null}},"149":{"start":{"line":427,"column":27},"end":{"line":427,"column":null}},"150":{"start":{"line":429,"column":27},"end":{"line":429,"column":null}},"151":{"start":{"line":429,"column":63},"end":{"line":429,"column":93}},"152":{"start":{"line":430,"column":30},"end":{"line":430,"column":null}},"153":{"start":{"line":430,"column":66},"end":{"line":430,"column":96}},"154":{"start":{"line":432,"column":8},"end":{"line":432,"column":null}},"155":{"start":{"line":432,"column":33},"end":{"line":432,"column":null}},"156":{"start":{"line":433,"column":8},"end":{"line":433,"column":null}},"157":{"start":{"line":433,"column":31},"end":{"line":433,"column":null}},"158":{"start":{"line":434,"column":8},"end":{"line":434,"column":null}},"159":{"start":{"line":437,"column":10},"end":{"line":445,"column":null}},"160":{"start":{"line":438,"column":8},"end":{"line":438,"column":null}},"161":{"start":{"line":438,"column":27},"end":{"line":438,"column":null}},"162":{"start":{"line":440,"column":27},"end":{"line":440,"column":null}},"163":{"start":{"line":440,"column":63},"end":{"line":440,"column":93}},"164":{"start":{"line":441,"column":30},"end":{"line":441,"column":null}},"165":{"start":{"line":441,"column":66},"end":{"line":441,"column":96}},"166":{"start":{"line":443,"column":8},"end":{"line":443,"column":null}},"167":{"start":{"line":443,"column":33},"end":{"line":443,"column":null}},"168":{"start":{"line":444,"column":8},"end":{"line":444,"column":null}},"169":{"start":{"line":444,"column":31},"end":{"line":444,"column":null}},"170":{"start":{"line":445,"column":8},"end":{"line":445,"column":null}},"171":{"start":{"line":448,"column":10},"end":{"line":455,"column":null}},"172":{"start":{"line":449,"column":8},"end":{"line":449,"column":null}},"173":{"start":{"line":449,"column":27},"end":{"line":449,"column":null}},"174":{"start":{"line":451,"column":27},"end":{"line":451,"column":null}},"175":{"start":{"line":451,"column":63},"end":{"line":451,"column":93}},"176":{"start":{"line":452,"column":30},"end":{"line":452,"column":null}},"177":{"start":{"line":452,"column":66},"end":{"line":452,"column":96}},"178":{"start":{"line":453,"column":31},"end":{"line":453,"column":null}},"179":{"start":{"line":455,"column":8},"end":{"line":455,"column":null}},"180":{"start":{"line":458,"column":4},"end":{"line":459,"column":null}},"181":{"start":{"line":459,"column":8},"end":{"line":459,"column":null}},"182":{"start":{"line":462,"column":4},"end":{"line":928,"column":null}},"183":{"start":{"line":479,"column":32},"end":{"line":564,"column":null}},"184":{"start":{"line":488,"column":56},"end":{"line":488,"column":null}},"185":{"start":{"line":542,"column":67},"end":{"line":542,"column":87}},"186":{"start":{"line":549,"column":67},"end":{"line":549,"column":87}},"187":{"start":{"line":556,"column":67},"end":{"line":556,"column":89}},"188":{"start":{"line":698,"column":65},"end":{"line":698,"column":94}},"189":{"start":{"line":700,"column":52},"end":{"line":702,"column":null}},"190":{"start":{"line":701,"column":56},"end":{"line":701,"column":null}},"191":{"start":{"line":702,"column":56},"end":{"line":702,"column":null}},"192":{"start":{"line":731,"column":52},"end":{"line":761,"column":null}},"193":{"start":{"line":746,"column":75},"end":{"line":746,"column":101}},"194":{"start":{"line":855,"column":52},"end":{"line":857,"column":null}},"195":{"start":{"line":912,"column":59},"end":{"line":912,"column":78}},"196":{"start":{"line":918,"column":59},"end":{"line":918,"column":89}}},"fnMap":{"0":{"name":"(anonymous_0)","de
[...]
323,"column":52},"end":{"line":323,"column":67}},"loc":{"start":{"line":323,"column":67},"end":{"line":323,"column":86}},"line":323},"21":{"name":"(anonymous_21)","decl":{"start":{"line":330,"column":52},"end":{"line":330,"column":67}},"loc":{"start":{"line":330,"column":67},"end":{"line":330,"column":88}},"line":330},"22":{"name":"(anonymous_22)","decl":{"start":{"line":373,"column":32},"end":{"line":373,"column":47}},"loc":{"start":{"line":373,"column":47},"end":{"line":373,"column":74}},"line":373},"23":{"name":"(anonymous_23)","decl":{"start":{"line":416,"column":28},"end":{"line":416,"column":43}},"loc":{"start":{"line":416,"column":43},"end":{"line":416,"column":70}},"line":416}},"branchMap":{"0":{"loc":{"start":{"line":48,"column":25},"end":{"line":48,"column":39}},"type":"binary-expr","locations":[{"start":{"line":48,"column":25},"end":{"line":48,"column":37}},{"start":{"line":48,"column":37},"end":{"line":48,"column":39}}],"line":48},"1":{"loc":{"start":{"line":62,"column":8},"end":{"line":62,"column":null}},"type":"if","locations":[{"start":{"line":62,"column":8},"end":{"line":62,"column":null}},{"start":{},"end":{}}],"line":62},"2":{"loc":{"start":{"line":67,"column":15},"end":{"line":67,"column":null}},"type":"cond-expr","locations":[{"start":{"line":67,"column":28},"end":{"line":67,"column":46}},{"start":{"line":67,"column":46},"end":{"line":67,"column":null}}],"line":67},"3":{"loc":{"start":{"line":71,"column":15},"end":{"line":71,"column":null}},"type":"cond-expr","locations":[{"start":{"line":71,"column":28},"end":{"line":71,"column":40}},{"start":{"line":71,"column":40},"end":{"line":71,"column":null}}],"line":71},"4":{"loc":{"start":{"line":76,"column":8},"end":{"line":79,"column":null}},"type":"if","locations":[{"start":{"line":76,"column":8},"end":{"line":79,"column":null}},{"start":{"line":78,"column":15},"end":{"line":79,"column":null}}],"line":76},"5":{"loc":{"start":{"line":109,"column":8},"end":{"line":109,"column":null}},"type":"if","locations":[{"start":{"line":109,"column":8},"end":{"line":109,"column":null}},{"start":{},"end":{}}],"line":109},"6":{"loc":{"start":{"line":117,"column":86},"end":{"line":117,"column":102}},"type":"binary-expr","locations":[{"start":{"line":117,"column":86},"end":{"line":117,"column":99}},{"start":{"line":117,"column":99},"end":{"line":117,"column":102}}],"line":117},"7":{"loc":{"start":{"line":121,"column":88},"end":{"line":121,"column":105}},"type":"binary-expr","locations":[{"start":{"line":121,"column":88},"end":{"line":121,"column":102}},{"start":{"line":121,"column":102},"end":{"line":121,"column":105}}],"line":121},"8":{"loc":{"start":{"line":125,"column":87},"end":{"line":125,"column":104}},"type":"binary-expr","locations":[{"start":{"line":125,"column":87},"end":{"line":125,"column":101}},{"start":{"line":125,"column":101},"end":{"line":125,"column":104}}],"line":125},"9":{"loc":{"start":{"line":129,"column":89},"end":{"line":129,"column":108}},"type":"binary-expr","locations":[{"start":{"line":129,"column":89},"end":{"line":129,"column":105}},{"start":{"line":129,"column":105},"end":{"line":129,"column":108}}],"line":129},"10":{"loc":{"start":{"line":158,"column":27},"end":{"line":158,"column":null}},"type":"cond-expr","locations":[{"start":{"line":158,"column":37},"end":{"line":158,"column":49}},{"start":{"line":158,"column":49},"end":{"line":158,"column":null}}],"line":158},"11":{"loc":{"start":{"line":159,"column":28},"end":{"line":159,"column":null}},"type":"cond-expr","locations":[{"start":{"line":159,"column":38},"end":{"line":159,"column":50}},{"start":{"line":159,"column":50},"end":{"line":159,"column":null}}],"line":159},"12":{"loc":{"start":{"line":172,"column":8},"end":{"line":172,"column":null}},"type":"if","locations":[{"start":{"line":172,"column":8},"end":{"line":172,"column":null}},{"start":{},"end":{}}],"line":172},"13":{"loc":{"start":{"line":175,"column":12},"end":{"line":178,"column":null}},"type":"if","locations":[{"start":{"line":175,"column":12},"end":{"line":178,"column":null}},{"start":{"line":177,"column":19},"end":{"line":178,"column":null}}],"line":175},"14":{"loc":{"start":{"line":193,"column":22},"end":{"line":193,"column":null}},"type":"binary-expr","locations":[{"start":{"line":193,"column":22},"end":{"line":193,"column":39}},{"start":{"line":193,"column":39},"end":{"line":193,"column":null}}],"line":193},"15":{"loc":{"start":{"line":200,"column":8},"end":{"line":200,"column":null}},"type":"if","locations":[{"start":{"line":200,"column":8},"end":{"line":200,"column":null}},{"start":{},"end":{}}],"line":200},"16":{"loc":{"start":{"line":209,"column":4},"end":{"line":210,"column":null}},"type":"if","locations":[{"start":{"line":209,"column":4},"end":{"line":210,"column":null}},{"start":{},"end":{}}],"line":209},"17":{"loc":{"start":{"line":255,"column":49},"end":{"line":265,"column":null}},"type":"cond-expr","locations":[{"start":{"line":256,"column":52},"end":{"line":265,"column":null}},{"start":{"line":265,"column":52},"end":{"line":265,"column":null}}],"line":255},"18":{"loc":{"start":{"line":268,"column":70},"end":{"line":268,"column":100}},"type":"cond-expr","locations":[{"start":{"line":268,"column":83},"end":{"line":268,"column":92}},{"start":{"line":268,"column":92},"end":{"line":268,"column":100}}],"line":268},"19":{"loc":{"start":{"line":274,"column":75},"end":{"line":274,"column":109}},"type":"binary-expr","locations":[{"start":{"line":274,"column":75},"end":{"line":274,"column":88}},{"start":{"line":274,"column":88},"end":{"line":274,"column":109}}],"line":274},"20":{"loc":{"start":{"line":282,"column":69},"end":{"line":282,"column":null}},"type":"binary-expr","locations":[{"start":{"line":282,"column":69},"end":{"line":282,"column":83}},{"start":{"line":282,"column":83},"end":{"line":282,"column":null}}],"line":282},"21":{"loc":{"start":{"line":288,"column":69},"end":{"line":288,"column":null}},"type":"cond-expr","locations":[{"start":{"line":288,"column":94},"end":{"line":288,"column":102}},{"start":{"line":288,"column":102},"end":{"line":288,"column":null}}],"line":288},"22":{"loc":{"start":{"line":288,"column":102},"end":{"line":288,"column":null}},"type":"cond-expr","locations":[{"start":{"line":288,"column":129},"end":{"line":288,"column":136}},{"start":{"line":288,"column":136},"end":{"line":288,"column":null}}],"line":288},"23":{"loc":{"start":{"line":293,"column":45},"end":{"line":296,"column":null}},"type":"binary-expr","locations":[{"start":{"line":293,"column":45},"end":{"line":293,"column":null}},{"start":{"line":294,"column":48},"end":{"line":296,"column":null}}],"line":293},"24":{"loc":{"start":{"line":329,"column":82},"end":{"line":329,"column":null}},"type":"cond-expr","locations":[{"start":{"line":329,"column":106},"end":{"line":329,"column":120}},{"start":{"line":329,"column":120},"end":{"line":329,"column":null}}],"line":329},"25":{"loc":{"start":{"line":331,"column":59},"end":{"line":331,"column":null}},"type":"cond-expr","locations":[{"start":{"line":331,"column":84},"end":{"line":331,"column":96}},{"start":{"line":331,"column":96},"end":{"line":331,"column":null}}],"line":331},"26":{"loc":{"start":{"line":334,"column":57},"end":{"line":334,"column":null}},"type":"cond-expr","locations":[{"start":{"line":334,"column":82},"end":{"line":334,"column":89}},{"start":{"line":334,"column":89},"end":{"line":334,"column":null}}],"line":334},"27":{"loc":{"start":{"line":348,"column":13},"end":{"line":431,"column":null}},"type":"binary-expr","locations":[{"start":{"line":348,"column":13},"end":{"line":348,"column":34}},{"start":{"line":348,"column":34},"end":{"line":348,"column":null}},{"start":{"line":349,"column":16},"end":{"line":431,"column":null}}],"line":348},"28":{"loc":{"start":{"line":387,"column":55},"end":{"line":387,"column":null}},"type":"binary-expr","locations":[{"start":{"line":387,"column":55},"end":{"line":387,"column":76}},{"start":{"line":387,"column":76},"end":{"line":387,"column":null}}],"line":387},"29":{"loc":{"start":{"line":393,"column":62},"end":{"line":393,"column":null}},"type":"binary-expr","locations":[{"start":{"line":393,"column":62},"end":{"line":393,"column":84}},{"start":{"line":393,"column":84},"end":{"line":393,"column":null}}],"line":393},"30":{"loc":{"start":{"line":396,"column":61},"end":{"line":396,"column":null}},"type":"cond-expr","locations":[{"start":{"line":396,"column":94},"end":{"line":396,"column":102}},{"start":{"line":396,"column":102},"end":{"line":396,"column":null}}],"line":396},"31":{"loc":{"start":{"line":396,"column":102},"end":{"line":396,"column":null}},"type":"cond-expr","locations":[{"start":{"line":396,"column":137},"end":{"line":396,"column":144}},{"start":{"line":396,"column":144},"end":{"line":396,"column":null}}],"line":396},"32":{"loc":{"start":{"line":402,"column":59},"end":{"line":402,"column":null}},"type":"binary-expr","locations":[{"start":{"line":402,"column":59},"end":{"line":402,"column":83}},{"start":{"line":402,"column":83},"end":{"line":402,"column":null}}],"line":402}},"s":{"0":1,"1":21,"2":21,"3":21,"4":21,"5":21,"6":21,"7":7,"8":7,"9":7,"10":6,"11":1,"12":1,"13":7,"14":21,"15":5,"16":21,"17":11,"18":11,"19":0,"20":21,"21":10,"22":21,"23":9,"24":21,"25":19,"26":6,"27":13,"28":21,"29":1,"30":1,"31":1,"32":1,"33":21,"34":0,"35":0,"36":0,"37":0,"38":0,"39":0,"40":0,"41":0,"42":0,"43":0,"44":0,"45":21,"46":2,"47":2,"48":2,"49":2,"50":2,"51":0,"52":2,"53":2,"54":1,"55":1,"56":2,"57":2,"58":0,"59":21,"60":9,"61":0,"62":9,"63":18,"64":21,"65":7,"66":14,"67":9,"68":9,"69":9,"70":9,"71":0,"72":0,"73":1,"74":0,"75":2,"76":1,"77":0},"f":{"0":21,"1":7,"2":5,"3":11,"4":10,"5":9,"6":19,"7":1,"8":1,"9":0,"10":0,"11":0,"12":2,"13":9,"14":18,"15":9,"16":9,"17":9,"18":0,"19":1,"20":0,"21":2,"22":1,"23":0},"b":{"0":[6,0],"1":[11,0],"2":[1,9],"3":[1,8],"4":[6,13],"5":[0,0],"6":[0,0],"7":[0,0],"8":[0,0],"9":[0,0],"10":[1,1],"11":[1,1],"12":[0,2],"13":[1,1],"14":[0,0],"15":[0,9],"16":[7,14],"17":[0,9],"18":[0,9],"19":[9,0],"20":[9,9],"21":[0,9],"22":[0,9],"23":[9,0],"24":[3,6],"25":[3,6],"26":[3,6],"27":[14,1,1],"28":[1,0],"29":[1,1],"30":[0,1],"31":[0,1],"32":[1,1]},"meta":{"lastBranch":33,"lastFunction":24,"lastStatement":78,"seen":{"s:8:6:431:Infinity":0,"f:8:6:8:25":0,"s:38:8:38:Infinity":1,"s:40:22:40:50":2,"s:41:25:41:58":3,"s:42:30:42:69":4,"s:43:20:43:49":5,"s:44:23:53:Infinity":6,"f:44:23:44:35":1,"s:45:8:53:Infinity":7,"s:46:12:46:Infinity":8,"s:47:29:47:60":9,"s:48:12:48:Infinity":10,"b:48:25:48:37:48:37:48:39":0,"s:50:12:50:Infinity":11,"s:51:12:51:Infinity":12,"s:53:12:53:Infinity":13,"s:57:4:59:Infinity":14,"f:57:4:57:20":2,"s:58:8:58:Infinity":15,"s:61:10:63:Infinity":16,"f:61:10:61:24":3,"b:62:8:62:Infinity:undefined:undefined:undefined:undefined":1,"s:62:8:62:Infinity":17,"s:62:25:62:Infinity":18,"s:63:8:63:Infinity":19,"s:66:10:67:Infinity":20,"f:66:10:66:25":4,"s:67:8:67:Infinity":21,"b:67:28:67:46:67:46:67:Infinity":2,"s:70:10:71:Infinity":22,"f:70:10:70:26":5,"s:71:8:71:Infinity":23,"b:71:28:71:40:71:40:71:Infinity":3,"s:74:10:79:Infinity":24,"f:74:10:74:27":6,"b:76:8:79:Infinity:78:15:79:Infinity":4,"s:76:8:79:Infinity":25,"s:77:12:77:Infinity":26,"s:79:12:79:Infinity":27,"s:101:10:104:Infinity":28,"f:101:10:101:24":7,"s:102:21:102:57":29,"f:102:31:102:36":8,"s:102:41:102:57":30,"s:103:8:103:Infinity":31,"s:104:8:104:Infinity":32,"s:107:10:153:Infinity":33,"f:107:10:107:24":9,"s:108:21:108:57":34,"f:108:31:108:36":10,"s:108:41:108:57":35,"b:109:8:109:Infinity:undefined:undefined:undefined:undefined":5,"s:109:8:109:Infinity":36,"s:109:19:109:Infinity":37,"s:111:8:153:Infinity":38,"b:117:86:117:99:117:99:117:102":6,"b:121:88:121:102:121:102:121:105":7,"b:125:87:125:101:125:101:125:104":8,"b:129:89:129:105:129:105:129:108":9,"f:137:24:137:36":11,"s:138:36:143:Infinity":39,"s:145:16:150:Infinity":40,"s:146:20:146:Infinity":41,"s:147:20:147:Infinity":42,"s:148:20:148:Infinity":43,"s:150:20:150:Infinity":44,"s:156:28:194:Infinity":45,"f:156:28:156:35":12,"s:157:24:157:Infinity":46,"s:158:27:158:Infinity":47,"b:158:37:158:49:158:49:158:Infinity":10,"s:159:28:159:Infinity":48,"b:159:38:159:50:159:50:159:Infinity":11,"s:161:23:170:10":49,"b:172:8:172:Infinity:undefined:undefined:undefined:undefined":12,"s:172:8:172:Infinity":50,"s:172:33:172:Infinity":51,"s:174:8:194:Infinity":52,"b:175:12:178:Infinity:177:19:178:Infinity":13,"s:175:12:178:Infinity":53,"s:176:16:176:Infinity":54,"s:178:16:178:Infinity":55,"s:181:12:186:Infinity":56,"s:188:12:188:Infinity":57,"s:190:12:194:Infinity":58,"b:193:22:193:39:193:39:193:Infinity":14,"s:199:10:206:Infinity":59,"f:199:10:199:25":13,"b:200:8:200:Infinity:undefined:undefined:undefined:undefined":15,"s:200:8:200:Infinity":60,"s:200:19:200:Infinity":61,"s:201:8:206:Infinity":62,"f:203:13:203:17":14,"s:203:25:203:33":63,"b:209:4:210:Infinity:undefined:undefined:undefined:undefined":16,"s:209:4:210:Infinity":64,"s:210:8:210:Infinity":65,"s:213:4:431:Infinity":66,"f:223:39:223:46":15,"s:223:54:223:70":67,"f:229:39:229:46":16,"s:229:54:229:97":68,"f:248:35:248:40":17,"s:249:47:249:66":69,"s:250:28:340:Infinity":70,"b:256:52:265:Infinity:265:52:265:Infinity":17,"f:260:56:260:66":18,"s:261:60:261:Infinity":71,"s:262:60:262:Infinity":72,"b:268:83:268:92:268:92:268:100":18,"b:274:75:274:88:274:88:274:109":19,"b:282:69:282:83:282:83:282:Infinity":20,"b:288:94:288:102:288:102:288:Infinity":21,"b:288:129:288:136:288:136:288:Infinity":22,"b:293:45:293:Infinity:294:48:296:Infinity":23,"f:316:52:316:67":19,"s:316:67:316:86":73,"f:323:52:323:67":20,"s:323:67:323:86":74,"b:329:106:329:120:329:120:329:Infinity":24,"f:330:52:330:67":21,"s:330:67:330:88":75,"b:331:84:331:96:331:96:331:Infinity":25,"b:334:82:334:89:334:89:334:Infinity":26,"b:348:13:348:34:348:34:348:Infinity:349:16:431:Infinity":27,"f:373:32:373:47":22,"s:373:47:373:74":76,"b:387:55:387:76:387:76:387:Infinity":28,"b:393:62:393:84:393:84:393:Infinity":29,"b:396:94:396:102:396:102:396:Infinity":30,"b:396:137:396:144:396:144:396:Infinity":31,"b:402:59:402:83:402:83:402:Infinity":32,"f:416:28:416:43":23,"s:416:43:416:70":77}}}
,"/Users/quanpogba/Downloads/FE_SHCS-dev-4/src/pages/Admin/UserManage/UserManage.module.css": {"path":"/Users/quanpogba/Downloads/FE_SHCS-dev-4/src/pages/Admin/UserManage/UserManage.module.css","statementMap":{},"fnMap":{},"branchMap":{},"s":{},"f":{},"b":{},"meta":{"lastBranch":0,"lastFunction":0,"lastStatement":0,"seen":{}}}
,"/Users/quanpogba/Downloads/FE_SHCS-dev-4/src/utils/dateUtils.js": {"path":"/Users/quanpogba/Downloads/FE_SHCS-dev-4/src/utils/dateUtils.js","statementMap":{"0":{"start":{"line":1,"column":30},"end":{"line":13,"column":1}},"1":{"start":{"line":2,"column":15},"end":{"line":2,"column":34}},"2":{"start":{"line":3,"column":2},"end":{"line":12,"column":null}},"3":{"start":{"line":14,"column":25},"end":{"line":16,"column":1}},"4":{"start":{"line":15,"column":2},"end":{"line":15,"column":null}},"5":{"start":{"line":18,"column":25},"end":{"line":23,"column":1}},"6":{"start":{"line":19,"column":16},"end":{"line":19,"column":33}},"7":{"start":{"line":20,"column":14},"end":{"line":20,"column":32}},"8":{"start":{"line":21,"column":19},"end":{"line":21,"column":30}},"9":{"start":{"line":22,"column":2},"end":{"line":22,"column":null}},"10":{"start":{"line":24,"column":37},"end":{"line":28,"column":1}},"11":{"start":{"line":25,"column":18},"end":{"line":25,"column":39}},"12":{"start":{"line":26,"column":2},"end":{"line":26,"column":null}},"13":{"start":{"line":27,"column":2},"end":{"line":27,"column":null}},"14":{"start":{"line":31,"column":34},"end":{"line":35,"column":1}},"15":{"start":{"line":32,"column":2},"end":{"line":32,"column":null}},"16":{"start":{"line":32,"column":26},"end":{"line":32,"column":null}},"17":{"start":{"line":34,"column":2},"end":{"line":34,"column":null}},"18":{"start":{"line":36,"column":31},"end":{"line":68,"column":1}},"19":{"start":{"line":37,"column":18},"end":{"line":37,"column":44}},"20":{"start":{"line":38,"column":20},"end":{"line":38,"column":48}},"21":{"start":{"line":39,"column":19},"end":{"line":39,"column":48}},"22":{"start":{"line":42,"column":20},"end":{"line":44,"column":39}},"23":{"start":{"line":47,"column":29},"end":{"line":47,"column":46}},"24":{"start":{"line":48,"column":2},"end":{"line":48,"column":null}},"25":{"start":{"line":51,"column":19},"end":{"line":51,"column":75}},"26":{"start":{"line":54,"column":2},"end":{"line":60,"column":null}},"27":{"start":{"line":55,"column":4},"end":{"line":59,"column":null}},"28":{"start":{"line":63,"column":2},"end":{"line":67,"column":null}}},"fnMap":{"0":{"name":"(anonymous_0)","decl":{"start":{"line":1,"column":30},"end":{"line":1,"column":31}},"loc":{"start":{"line":1,"column":45},"end":{"line":13,"column":1}},"line":1},"1":{"name":"(anonymous_1)","decl":{"start":{"line":14,"column":25},"end":{"line":14,"column":26}},"loc":{"start":{"line":14,"column":37},"end":{"line":16,"column":1}},"line":14},"2":{"name":"(anonymous_2)","decl":{"start":{"line":18,"column":25},"end":{"line":18,"column":26}},"loc":{"start":{"line":18,"column":48},"end":{"line":23,"column":1}},"line":18},"3":{"name":"(anonymous_3)","decl":{"start":{"line":24,"column":37},"end":{"line":24,"column":38}},"loc":{"start":{"line":24,"column":64},"end":{"line":28,"column":1}},"line":24},"4":{"name":"(anonymous_4)","decl":{"start":{"line":31,"column":34},"end":{"line":31,"column":35}},"loc":{"start":{"line":31,"column":61},"end":{"line":35,"column":1}},"line":31},"5":{"name":"(anonymous_5)","decl":{"start":{"line":36,"column":31},"end":{"line":36,"column":32}},"loc":{"start":{"line":36,"column":44},"end":{"line":68,"column":1}},"line":36}},"branchMap":{"0":{"loc":{"start":{"line":31,"column":44},"end":{"line":31,"column":56}},"type":"default-arg","locations":[{"start":{"line":31,"column":54},"end":{"line":31,"column":56}}],"line":31},"1":{"loc":{"start":{"line":32,"column":2},"end":{"line":32,"column":null}},"type":"if","locations":[{"start":{"line":32,"column":2},"end":{"line":32,"column":null}},{"start":{},"end":{}}],"line":32},"2":{"loc":{"start":{"line":39,"column":19},"end":{"line":39,"column":48}},"type":"binary-expr","locations":[{"start":{"line":39,"column":19},"end":{"line":39,"column":43}},{"start":{"line":39,"column":47},"end":{"line":39,"column":48}}],"line":39},"3":{"loc":{"start":{"line":42,"column":20},"end":{"line":44,"column":39}},"type":"cond-expr","locations":[{"start":{"line":43,"column":6},"end":{"line":43,"column":null}},{"start":{"line":44,"column":6},"end":{"line":44,"column":39}}],"line":42},"4":{"loc":{"start":{"line":54,"column":2},"end":{"line":60,"column":null}},"type":"if","locations":[{"start":{"line":54,"column":2},"end":{"line":60,"column":null}},{"start":{},"end":{}}],"line":54}},"s":{"0":2,"1":18,"2":18,"3":2,"4":9,"5":2,"6":2,"7":2,"8":2,"9":2,"10":2,"11":1,"12":1,"13":1,"14":2,"15":3,"16":1,"17":2,"18":2,"19":4,"20":4,"21":4,"22":4,"23":4,"24":4,"25":4,"26":4,"27":2,"28":2},"f":{"0":18,"1":9,"2":2,"3":1,"4":3,"5":4},"b":{"0":[3],"1":[1,2],"2":[4,1],"3":[1,3],"4":[2,2]},"meta":{"lastBranch":5,"lastFunction":6,"lastStatement":29,"seen":{"s:1:30:13:1":0,"f:1:30:1:31":0,"s:2:15:2:34":1,"s:3:2:12:Infinity":2,"s:14:25:16:1":3,"f:14:25:14:26":1,"s:15:2:15:Infinity":4,"s:18:25:23:1":5,"f:18:25:18:26":2,"s:19:16:19:33":6,"s:20:14:20:32":7,"s:21:19:21:30":8,"s:22:2:22:Infinity":9,"s:24:37:28:1":10,"f:24:37:24:38":3,"s:25:18:25:39":11,"s:26:2:26:Infinity":12,"s:27:2:27:Infinity":13,"s:31:34:35:1":14,"f:31:34:31:35":4,"b:31:54:31:56":0,"b:32:2:32:Infinity:undefined:undefined:undefined:undefined":1,"s:32:2:32:Infinity":15,"s:32:26:32:Infinity":16,"s:34:2:34:Infinity":17,"s:36:31:68:1":18,"f:36:31:36:32":5,"s:37:18:37:44":19,"s:38:20:38:48":20,"s:39:19:39:48":21,"b:39:19:39:43:39:47:39:48":2,"s:42:20:44:39":22,"b:43:6:43:Infinity:44:6:44:39":3,"s:47:29:47:46":23,"s:48:2:48:Infinity":24,"s:51:19:51:75":25,"b:54:2:60:Infinity:undefined:undefined:undefined:undefined":4,"s:54:2:60:Infinity":26,"s:55:4:59:Infinity":27,"s:63:2:67:Infinity":28}}}
}
